This file contains any messages produced by compilers while
running configure, to aid debugging if configure makes a mistake.

It was created by SKETCH configure 1.7.5, which was
generated by GNU Autoconf 2.71.  Invocation command line was

  $ ./configure --disable-static --prefix=/nix/store/539vvanw78k6qs9jxqnp0dbrjrq67r7w-sketch-backend

## --------- ##
## Platform. ##
## --------- ##

hostname = stellar
uname -m = x86_64
uname -r = 6.7.0-zen3
uname -s = Linux
uname -v = #1-NixOS ZEN SMP PREEMPT_DYNAMIC Tue Jan  1 00:00:00 UTC 1980

/usr/bin/uname -p = unknown
/bin/uname -X     = unknown

/bin/arch              = unknown
/usr/bin/arch -k       = unknown
/usr/convex/getsysinfo = unknown
/usr/bin/hostinfo      = unknown
/bin/machine           = unknown
/usr/bin/oslevel       = unknown
/bin/universe          = unknown

PATH: /nix/store/rxbqb5y3ia3kpq9apcky47mlbxz16hrq-bash-interactive-5.2-p15/bin/
PATH: /nix/store/ir0j7zqlw9dc49grmwplppc7gh0s40yf-bash-5.2-p15/bin/
PATH: /nix/store/mz315kipgb8ab6lsgw6jfjv90mf6h93z-autoconf-2.71/bin/
PATH: /nix/store/178ssjiprdjb30d95cccw9yysz5lgc7j-automake-1.16.5/bin/
PATH: /nix/store/a8fh4wbjd8d58vxlj1scy4mwr89dpqya-gettext-0.21.1/bin/
PATH: /nix/store/9lxbza6pq83zy01qlhw57s6mg1r0f3gz-libtool-2.4.7/bin/
PATH: /nix/store/2baijw4ix4v5rhq8iga2vgapx6kzanl9-gnum4-1.4.19/bin/
PATH: /nix/store/zmrii638xgkym818q87561yli1p71pni-file-5.44/bin/
PATH: /nix/store/j1q06cyrmmlwr3kkbqlwd06z03zchh8b-patchelf-0.15.0/bin/
PATH: /nix/store/ygi2qf01dyx5015lqlqshrdh9gqijkxa-gcc-wrapper-12.3.0/bin/
PATH: /nix/store/yxpdhv0vv17gkg0xxsliimals3ldvbq3-gcc-12.3.0/bin/
PATH: /nix/store/zz9xg4dp3miyv5w6ss9a1ww622rf73hf-glibc-2.37-8-bin/bin/
PATH: /nix/store/8fdd0nqajq5sk1m6p4qnn0z0j9d7n3q5-coreutils-9.3/bin/
PATH: /nix/store/h43yhgahcwif4vnlz3909wpchg1k8zml-binutils-wrapper-2.40/bin/
PATH: /nix/store/fm1xq4f3g48k1mmwl6qg9jc3ipgfsk1x-binutils-2.40/bin/
PATH: /nix/store/wxkbirnjmfwvaqp4fz9sqz6jxqw4y4sh-flex-2.6.4/bin/
PATH: /nix/store/hr8dhmc7hqh5c69p1c9q07djwyhlcfr8-bison-3.8.2/bin/
PATH: /nix/store/vr9ljach5bnqmjd0wgjfh4sniw1fsmx1-gsl-2.7.1-dev/bin/
PATH: /nix/store/s1pr34jm7dgd9jmjqbljzif93h25skzn-gsl-2.7.1/bin/
PATH: /nix/store/8fdd0nqajq5sk1m6p4qnn0z0j9d7n3q5-coreutils-9.3/bin/
PATH: /nix/store/jids6qqs36p4ds9ghpkcw57kbhp8lbq2-findutils-4.9.0/bin/
PATH: /nix/store/q0gfc489hnjjg52p7aggbb6q18kfwd20-diffutils-3.10/bin/
PATH: /nix/store/zl7fpambb4db6by8mhl9xcmr6n1pp98c-gnused-4.9/bin/
PATH: /nix/store/2hz0i9y0xck9y4pq1rabi0cwk4kylgrw-gnugrep-3.11/bin/
PATH: /nix/store/3mpa96b8hi3gfx17099xwgfnp6kbz4ga-gawk-5.2.2/bin/
PATH: /nix/store/lwncj07g77z30hb8g3s3vkr3pcs52p1r-gnutar-1.35/bin/
PATH: /nix/store/zz9xsi57f49vcxy7ndq5gqkazdd1h5q4-gzip-1.12/bin/
PATH: /nix/store/rmq1rwjfgl1vm1v7v9axzr6n3jh8kjvn-bzip2-1.0.8-bin/bin/
PATH: /nix/store/28p2r7a9nnzl24w3yhbakz69i0sl24wl-gnumake-4.4.1/bin/
PATH: /nix/store/ir0j7zqlw9dc49grmwplppc7gh0s40yf-bash-5.2-p15/bin/
PATH: /nix/store/5jnldfvr9p9hh7m4fky7359m9m8yqsb4-patch-2.7.6/bin/
PATH: /nix/store/75rkp4a0dh6qnad033l1q75sv51awydd-xz-5.4.3-bin/bin/
PATH: /nix/store/m2wp56nf47ipyhqw4yicyglijw3mjwp1-file-5.44/bin/
PATH: /nix/store/gdlhm63nw4q0i5rgycgjs7pl7wzvlx7w-glib-2.78.3-bin/bin/
PATH: /run/wrappers/bin/
PATH: /home/panda2134/.local/share/flatpak/exports/bin/
PATH: /var/lib/flatpak/exports/bin/
PATH: /home/panda2134/.nix-profile/bin/
PATH: /nix/profile/bin/
PATH: /home/panda2134/.local/state/nix/profile/bin/
PATH: /etc/profiles/per-user/panda2134/bin/
PATH: /nix/var/nix/profiles/default/bin/
PATH: /run/current-system/sw/bin/
PATH: /home/panda2134/.zsh/plugins/grml-zsh-config/


## ----------- ##
## Core tests. ##
## ----------- ##

configure:3009: looking for aux files: missing install-sh compile config.guess config.sub ltmain.sh
configure:3022:  trying ./
configure:3051:   ./missing found
configure:3033:   ./install-sh found
configure:3051:   ./compile found
configure:3051:   ./config.guess found
configure:3051:   ./config.sub found
configure:3051:   ./ltmain.sh found
configure:3198: checking build system type
configure:3213: result: x86_64-pc-linux-gnu
configure:3233: checking host system type
configure:3247: result: x86_64-pc-linux-gnu
configure:3288: checking how to print strings
configure:3315: result: printf
configure:3401: checking for gcc
configure:3433: result: gcc
configure:3786: checking for C compiler version
configure:3795: gcc --version >&5
gcc (GCC) 12.3.0
Copyright (C) 2022 Free Software Foundation, Inc.
This is free software; see the source for copying conditions.  There is NO
warranty; not even for MERCHANTABILITY or FITNESS FOR A PARTICULAR PURPOSE.

configure:3806: $? = 0
configure:3795: gcc -v >&5
Using built-in specs.
COLLECT_GCC=/nix/store/yxpdhv0vv17gkg0xxsliimals3ldvbq3-gcc-12.3.0/bin/gcc
COLLECT_LTO_WRAPPER=/nix/store/yxpdhv0vv17gkg0xxsliimals3ldvbq3-gcc-12.3.0/libexec/gcc/x86_64-unknown-linux-gnu/12.3.0/lto-wrapper
Target: x86_64-unknown-linux-gnu
Configured with: ../gcc-12.3.0/configure --prefix=/nix/store/eeeeeeeeeeeeeeeeeeeeeeeeeeeeeeee-gcc-12.3.0 --with-gmp-include=/nix/store/eeeeeeeeeeeeeeeeeeeeeeeeeeeeeeee-gmp-6.2.1-dev/include --with-gmp-lib=/nix/store/eeeeeeeeeeeeeeeeeeeeeeeeeeeeeeee-gmp-6.2.1/lib --with-mpfr-include=/nix/store/eeeeeeeeeeeeeeeeeeeeeeeeeeeeeeee-mpfr-4.2.0-dev/include --with-mpfr-lib=/nix/store/eeeeeeeeeeeeeeeeeeeeeeeeeeeeeeee-mpfr-4.2.0/lib --with-mpc=/nix/store/eeeeeeeeeeeeeeeeeeeeeeeeeeeeeeee-libmpc-1.3.1 --with-native-system-header-dir=/nix/store/eeeeeeeeeeeeeeeeeeeeeeeeeeeeeeee-glibc-2.37-8-dev/include --with-build-sysroot=/ --program-prefix= --enable-lto --disable-libstdcxx-pch --without-included-gettext --with-system-zlib --enable-static --enable-languages=c,c++ --disable-multilib --enable-plugin --disable-libcc1 --with-isl=/nix/store/eeeeeeeeeeeeeeeeeeeeeeeeeeeeeeee-isl-0.20 --disable-bootstrap --build=x86_64-unknown-linux-gnu --host=x86_64-unknown-linux-gnu --target=x86_64-unknown-linux-gnu
Thread model: posix
Supported LTO compression algorithms: zlib
gcc version 12.3.0 (GCC) 
configure:3806: $? = 0
configure:3795: gcc -V >&5
gcc: error: unrecognized command-line option '-V'
gcc: fatal error: no input files
compilation terminated.
configure:3806: $? = 1
configure:3795: gcc -qversion >&5
gcc: error: unrecognized command-line option '-qversion'; did you mean '--version'?
gcc: fatal error: no input files
compilation terminated.
configure:3806: $? = 1
configure:3795: gcc -version >&5
gcc: error: unrecognized command-line option '-version'
gcc: fatal error: no input files
compilation terminated.
configure:3806: $? = 1
configure:3826: checking whether the C compiler works
configure:3848: gcc    conftest.c  >&5
configure:3852: $? = 0
configure:3902: result: yes
configure:3905: checking for C compiler default output file name
configure:3907: result: a.out
configure:3913: checking for suffix of executables
configure:3920: gcc -o conftest    conftest.c  >&5
configure:3924: $? = 0
configure:3947: result: 
configure:3969: checking whether we are cross compiling
configure:3977: gcc -o conftest    conftest.c  >&5
configure:3981: $? = 0
configure:3988: ./conftest
configure:3992: $? = 0
configure:4007: result: no
configure:4012: checking for suffix of object files
configure:4035: gcc -c   conftest.c >&5
configure:4039: $? = 0
configure:4061: result: o
configure:4065: checking whether the compiler supports GNU C
configure:4085: gcc -c   conftest.c >&5
configure:4085: $? = 0
configure:4095: result: yes
configure:4106: checking whether gcc accepts -g
configure:4127: gcc -c -g  conftest.c >&5
configure:4127: $? = 0
configure:4171: result: yes
configure:4191: checking for gcc option to enable C11 features
configure:4206: gcc  -c -g -O2  conftest.c >&5
configure:4206: $? = 0
configure:4224: result: none needed
configure:4340: checking whether gcc understands -c and -o together
configure:4363: gcc -c conftest.c -o conftest2.o
configure:4366: $? = 0
configure:4363: gcc -c conftest.c -o conftest2.o
configure:4366: $? = 0
configure:4378: result: yes
configure:4395: checking for a sed that does not truncate output
configure:4465: result: /nix/store/zl7fpambb4db6by8mhl9xcmr6n1pp98c-gnused-4.9/bin/sed
configure:4483: checking for grep that handles long lines and -e
configure:4547: result: /nix/store/2hz0i9y0xck9y4pq1rabi0cwk4kylgrw-gnugrep-3.11/bin/grep
configure:4552: checking for egrep
configure:4620: result: /nix/store/2hz0i9y0xck9y4pq1rabi0cwk4kylgrw-gnugrep-3.11/bin/grep -E
configure:4625: checking for fgrep
configure:4693: result: /nix/store/2hz0i9y0xck9y4pq1rabi0cwk4kylgrw-gnugrep-3.11/bin/grep -F
configure:4729: checking for ld used by gcc
configure:4797: result: ld
configure:4804: checking if the linker (ld) is GNU ld
configure:4820: result: yes
configure:4832: checking for BSD- or MS-compatible name lister (nm)
configure:4887: result: nm
configure:5027: checking the name lister (nm) interface
configure:5035: gcc -c -g -O2  conftest.c >&5
configure:5038: nm "conftest.o"
configure:5041: output
0000000000000000 B some_variable
configure:5048: result: BSD nm
configure:5051: checking whether ln -s works
configure:5055: result: yes
configure:5063: checking the maximum length of command line arguments
configure:5195: result: 1572864
configure:5243: checking how to convert x86_64-pc-linux-gnu file names to x86_64-pc-linux-gnu format
configure:5284: result: func_convert_file_noop
configure:5291: checking how to convert x86_64-pc-linux-gnu file names to toolchain format
configure:5312: result: func_convert_file_noop
configure:5319: checking for ld option to reload object files
configure:5327: result: -r
configure:5406: checking for file
configure:5427: found /nix/store/zmrii638xgkym818q87561yli1p71pni-file-5.44/bin/file
configure:5438: result: file
configure:5514: checking for objdump
configure:5546: result: objdump
configure:5578: checking how to recognize dependent libraries
configure:5779: result: pass_all
configure:5869: checking for dlltool
configure:5904: result: no
configure:5934: checking how to associate runtime and link libraries
configure:5962: result: printf %s\n
configure:6113: checking for archiver @FILE support
configure:6131: gcc -c -g -O2  conftest.c >&5
configure:6131: $? = 0
configure:6135: ar cr libconftest.a @conftest.lst >&5
configure:6138: $? = 0
configure:6143: ar cr libconftest.a @conftest.lst >&5
ar: conftest.o: No such file or directory
configure:6146: $? = 1
configure:6158: result: @
configure:6221: checking for strip
configure:6253: result: strip
configure:6330: checking for ranlib
configure:6362: result: ranlib
configure:6439: checking for gawk
configure:6460: found /nix/store/3mpa96b8hi3gfx17099xwgfnp6kbz4ga-gawk-5.2.2/bin/gawk
configure:6471: result: gawk
configure:6511: checking command to parse nm output from gcc object
configure:6665: gcc -c -g -O2  conftest.c >&5
configure:6668: $? = 0
configure:6672: nm conftest.o \| /nix/store/zl7fpambb4db6by8mhl9xcmr6n1pp98c-gnused-4.9/bin/sed -n -e 's/^.*[ ]\([ABCDGIRSTW][ABCDGIRSTW]*\)[ ][ ]*\([_A-Za-z][_A-Za-z0-9]*\)$/\1 \2 \2/p' | /nix/store/zl7fpambb4db6by8mhl9xcmr6n1pp98c-gnused-4.9/bin/sed '/ __gnu_lto/d' \> conftest.nm
configure:6675: $? = 0
configure:6741: gcc -o conftest -g -O2   conftest.c conftstm.o >&5
configure:6744: $? = 0
configure:6782: result: ok
configure:6829: checking for sysroot
configure:6860: result: no
configure:6867: checking for a working dd
configure:6911: result: /nix/store/8fdd0nqajq5sk1m6p4qnn0z0j9d7n3q5-coreutils-9.3/bin/dd
configure:6915: checking how to truncate binary pipes
configure:6931: result: /nix/store/8fdd0nqajq5sk1m6p4qnn0z0j9d7n3q5-coreutils-9.3/bin/dd bs=4096 count=1
configure:7068: gcc -c -g -O2  conftest.c >&5
configure:7071: $? = 0
configure:7268: checking for mt
configure:7303: result: no
configure:7323: checking if : is a manifest tool
configure:7330: : '-?'
configure:7338: result: no
configure:8063: checking for stdio.h
configure:8063: gcc -c -g -O2  conftest.c >&5
configure:8063: $? = 0
configure:8063: result: yes
configure:8063: checking for stdlib.h
configure:8063: gcc -c -g -O2  conftest.c >&5
configure:8063: $? = 0
configure:8063: result: yes
configure:8063: checking for string.h
configure:8063: gcc -c -g -O2  conftest.c >&5
configure:8063: $? = 0
configure:8063: result: yes
configure:8063: checking for inttypes.h
configure:8063: gcc -c -g -O2  conftest.c >&5
configure:8063: $? = 0
configure:8063: result: yes
configure:8063: checking for stdint.h
configure:8063: gcc -c -g -O2  conftest.c >&5
configure:8063: $? = 0
configure:8063: result: yes
configure:8063: checking for strings.h
configure:8063: gcc -c -g -O2  conftest.c >&5
configure:8063: $? = 0
configure:8063: result: yes
configure:8063: checking for sys/stat.h
configure:8063: gcc -c -g -O2  conftest.c >&5
configure:8063: $? = 0
configure:8063: result: yes
configure:8063: checking for sys/types.h
configure:8063: gcc -c -g -O2  conftest.c >&5
configure:8063: $? = 0
configure:8063: result: yes
configure:8063: checking for unistd.h
configure:8063: gcc -c -g -O2  conftest.c >&5
configure:8063: $? = 0
configure:8063: result: yes
configure:8063: checking for sys/time.h
configure:8063: gcc -c -g -O2  conftest.c >&5
configure:8063: $? = 0
configure:8063: result: yes
configure:8063: checking for sys/select.h
configure:8063: gcc -c -g -O2  conftest.c >&5
configure:8063: $? = 0
configure:8063: result: yes
configure:8063: checking for sys/socket.h
configure:8063: gcc -c -g -O2  conftest.c >&5
configure:8063: $? = 0
configure:8063: result: yes
configure:8088: checking for dlfcn.h
configure:8088: gcc -c -g -O2  conftest.c >&5
configure:8088: $? = 0
configure:8088: result: yes
configure:8345: checking for objdir
configure:8361: result: .libs
configure:8625: checking if gcc supports -fno-rtti -fno-exceptions
configure:8644: gcc -c -g -O2  -fno-rtti -fno-exceptions conftest.c >&5
cc1: warning: command-line option '-fno-rtti' is valid for C++/D/ObjC++ but not for C
configure:8648: $? = 0
configure:8661: result: no
configure:9019: checking for gcc option to produce PIC
configure:9027: result: -fPIC -DPIC
configure:9035: checking if gcc PIC flag -fPIC -DPIC works
configure:9054: gcc -c -g -O2  -fPIC -DPIC -DPIC conftest.c >&5
configure:9058: $? = 0
configure:9071: result: yes
configure:9100: checking if gcc static flag -static works
configure:9129: result: no
configure:9144: checking if gcc supports -c -o file.o
configure:9166: gcc -c -g -O2  -o out/conftest2.o conftest.c >&5
configure:9170: $? = 0
configure:9192: result: yes
configure:9200: checking if gcc supports -c -o file.o
configure:9248: result: yes
configure:9281: checking whether the gcc linker (ld -m elf_x86_64) supports shared libraries
configure:10549: result: yes
configure:10790: checking dynamic linker characteristics
configure:11372: gcc -o conftest -g -O2   -Wl,-rpath -Wl,/foo conftest.c  >&5
configure:11372: $? = 0
configure:11611: result: GNU/Linux ld.so
configure:11733: checking how to hardcode library paths into programs
configure:11758: result: immediate
configure:12310: checking whether stripping libraries is possible
configure:12319: result: yes
configure:12361: checking if libtool supports shared libraries
configure:12363: result: yes
configure:12366: checking whether to build shared libraries
configure:12391: result: no
configure:12394: checking whether to build static libraries
configure:12398: result: yes
configure:12452: checking for a BSD-compatible install
configure:12525: result: /nix/store/8fdd0nqajq5sk1m6p4qnn0z0j9d7n3q5-coreutils-9.3/bin/install -c
configure:12536: checking whether build environment is sane
configure:12591: result: yes
configure:12746: checking for a race-free mkdir -p
configure:12790: result: /nix/store/8fdd0nqajq5sk1m6p4qnn0z0j9d7n3q5-coreutils-9.3/bin/mkdir -p
configure:12793: checking whether make sets $(MAKE)
configure:12816: result: yes
configure:12838: checking whether make supports the include directive
configure:12853: make -f confmf.GNU && cat confinc.out
this is the am__doit target
configure:12856: $? = 0
configure:12875: result: yes (GNU style)
configure:12910: checking whether make supports nested variables
configure:12928: result: yes
configure:13009: checking dependency style of gcc
configure:13121: result: gcc3
configure:13324: checking for C++ compiler version
configure:13333: g++ --version >&5
g++ (GCC) 12.3.0
Copyright (C) 2022 Free Software Foundation, Inc.
This is free software; see the source for copying conditions.  There is NO
warranty; not even for MERCHANTABILITY or FITNESS FOR A PARTICULAR PURPOSE.

configure:13344: $? = 0
configure:13333: g++ -v >&5
Using built-in specs.
COLLECT_GCC=/nix/store/yxpdhv0vv17gkg0xxsliimals3ldvbq3-gcc-12.3.0/bin/g++
COLLECT_LTO_WRAPPER=/nix/store/yxpdhv0vv17gkg0xxsliimals3ldvbq3-gcc-12.3.0/libexec/gcc/x86_64-unknown-linux-gnu/12.3.0/lto-wrapper
Target: x86_64-unknown-linux-gnu
Configured with: ../gcc-12.3.0/configure --prefix=/nix/store/eeeeeeeeeeeeeeeeeeeeeeeeeeeeeeee-gcc-12.3.0 --with-gmp-include=/nix/store/eeeeeeeeeeeeeeeeeeeeeeeeeeeeeeee-gmp-6.2.1-dev/include --with-gmp-lib=/nix/store/eeeeeeeeeeeeeeeeeeeeeeeeeeeeeeee-gmp-6.2.1/lib --with-mpfr-include=/nix/store/eeeeeeeeeeeeeeeeeeeeeeeeeeeeeeee-mpfr-4.2.0-dev/include --with-mpfr-lib=/nix/store/eeeeeeeeeeeeeeeeeeeeeeeeeeeeeeee-mpfr-4.2.0/lib --with-mpc=/nix/store/eeeeeeeeeeeeeeeeeeeeeeeeeeeeeeee-libmpc-1.3.1 --with-native-system-header-dir=/nix/store/eeeeeeeeeeeeeeeeeeeeeeeeeeeeeeee-glibc-2.37-8-dev/include --with-build-sysroot=/ --program-prefix= --enable-lto --disable-libstdcxx-pch --without-included-gettext --with-system-zlib --enable-static --enable-languages=c,c++ --disable-multilib --enable-plugin --disable-libcc1 --with-isl=/nix/store/eeeeeeeeeeeeeeeeeeeeeeeeeeeeeeee-isl-0.20 --disable-bootstrap --build=x86_64-unknown-linux-gnu --host=x86_64-unknown-linux-gnu --target=x86_64-unknown-linux-gnu
Thread model: posix
Supported LTO compression algorithms: zlib
gcc version 12.3.0 (GCC) 
configure:13344: $? = 0
configure:13333: g++ -V >&5
g++: error: unrecognized command-line option '-V'
g++: fatal error: no input files
compilation terminated.
configure:13344: $? = 1
configure:13333: g++ -qversion >&5
g++: error: unrecognized command-line option '-qversion'; did you mean '--version'?
g++: fatal error: no input files
compilation terminated.
configure:13344: $? = 1
configure:13348: checking whether the compiler supports GNU C++
configure:13368: g++ -c   conftest.cpp >&5
configure:13368: $? = 0
configure:13378: result: yes
configure:13389: checking whether g++ accepts -g
configure:13410: g++ -c -g  conftest.cpp >&5
configure:13410: $? = 0
configure:13454: result: yes
configure:13474: checking for g++ option to enable C++11 features
configure:13489: g++  -c -g -O2  conftest.cpp >&5
conftest.cpp: In function 'int main(int, char**)':
conftest.cpp:192:25: warning: empty parentheses were disambiguated as a function declaration [-Wvexing-parse]
  192 |   cxx11test::delegate d2();
      |                         ^~
conftest.cpp:192:25: note: remove parentheses to default-initialize a variable
  192 |   cxx11test::delegate d2();
      |                         ^~
      |                         --
conftest.cpp:192:25: note: or replace parentheses with braces to value-initialize a variable
configure:13489: $? = 0
configure:13507: result: none needed
configure:13589: checking how to run the C++ preprocessor
configure:13611: g++ -E  conftest.cpp
configure:13611: $? = 0
configure:13626: g++ -E  conftest.cpp
conftest.cpp:26:10: fatal error: ac_nonexistent.h: No such file or directory
   26 | #include <ac_nonexistent.h>
      |          ^~~~~~~~~~~~~~~~~~
compilation terminated.
configure:13626: $? = 1
configure: failed program was:
| /* confdefs.h */
| #define PACKAGE_NAME "SKETCH"
| #define PACKAGE_TARNAME "sketch"
| #define PACKAGE_VERSION "1.7.5"
| #define PACKAGE_STRING "SKETCH 1.7.5"
| #define PACKAGE_BUGREPORT "asolar@csail.mit.edu"
| #define PACKAGE_URL ""
| #define HAVE_STDIO_H 1
| #define HAVE_STDLIB_H 1
| #define HAVE_STRING_H 1
| #define HAVE_INTTYPES_H 1
| #define HAVE_STDINT_H 1
| #define HAVE_STRINGS_H 1
| #define HAVE_SYS_STAT_H 1
| #define HAVE_SYS_TYPES_H 1
| #define HAVE_UNISTD_H 1
| #define HAVE_SYS_TIME_H 1
| #define HAVE_SYS_SELECT_H 1
| #define HAVE_SYS_SOCKET_H 1
| #define STDC_HEADERS 1
| #define HAVE_DLFCN_H 1
| #define LT_OBJDIR ".libs/"
| #define PACKAGE "sketch"
| #define VERSION "1.7.5"
| /* end confdefs.h.  */
| #include <ac_nonexistent.h>
configure:13653: result: g++ -E
configure:13667: g++ -E  conftest.cpp
configure:13667: $? = 0
configure:13682: g++ -E  conftest.cpp
conftest.cpp:26:10: fatal error: ac_nonexistent.h: No such file or directory
   26 | #include <ac_nonexistent.h>
      |          ^~~~~~~~~~~~~~~~~~
compilation terminated.
configure:13682: $? = 1
configure: failed program was:
| /* confdefs.h */
| #define PACKAGE_NAME "SKETCH"
| #define PACKAGE_TARNAME "sketch"
| #define PACKAGE_VERSION "1.7.5"
| #define PACKAGE_STRING "SKETCH 1.7.5"
| #define PACKAGE_BUGREPORT "asolar@csail.mit.edu"
| #define PACKAGE_URL ""
| #define HAVE_STDIO_H 1
| #define HAVE_STDLIB_H 1
| #define HAVE_STRING_H 1
| #define HAVE_INTTYPES_H 1
| #define HAVE_STDINT_H 1
| #define HAVE_STRINGS_H 1
| #define HAVE_SYS_STAT_H 1
| #define HAVE_SYS_TYPES_H 1
| #define HAVE_UNISTD_H 1
| #define HAVE_SYS_TIME_H 1
| #define HAVE_SYS_SELECT_H 1
| #define HAVE_SYS_SOCKET_H 1
| #define STDC_HEADERS 1
| #define HAVE_DLFCN_H 1
| #define LT_OBJDIR ".libs/"
| #define PACKAGE "sketch"
| #define VERSION "1.7.5"
| /* end confdefs.h.  */
| #include <ac_nonexistent.h>
configure:13847: checking for ld used by g++
configure:13915: result: ld -m elf_x86_64
configure:13922: checking if the linker (ld -m elf_x86_64) is GNU ld
configure:13938: result: yes
configure:13993: checking whether the g++ linker (ld -m elf_x86_64) supports shared libraries
configure:15071: result: yes
configure:15107: g++ -c -g -O2  conftest.cpp >&5
configure:15110: $? = 0
configure:15591: checking for g++ option to produce PIC
configure:15599: result: -fPIC -DPIC
configure:15607: checking if g++ PIC flag -fPIC -DPIC works
configure:15626: g++ -c -g -O2  -fPIC -DPIC -DPIC conftest.cpp >&5
configure:15630: $? = 0
configure:15643: result: yes
configure:15666: checking if g++ static flag -static works
configure:15695: result: no
configure:15707: checking if g++ supports -c -o file.o
configure:15729: g++ -c -g -O2  -o out/conftest2.o conftest.cpp >&5
configure:15733: $? = 0
configure:15755: result: yes
configure:15760: checking if g++ supports -c -o file.o
configure:15808: result: yes
configure:15838: checking whether the g++ linker (ld -m elf_x86_64) supports shared libraries
configure:15878: result: yes
configure:16020: checking dynamic linker characteristics
configure:16768: result: GNU/Linux ld.so
configure:16833: checking how to hardcode library paths into programs
configure:16858: result: immediate
configure:16900: checking dependency style of g++
configure:17012: result: gcc3
configure:17035: checking for bison
configure:17056: found /nix/store/hr8dhmc7hqh5c69p1c9q07djwyhlcfr8-bison-3.8.2/bin/bison
configure:17067: result: bison -y
configure:17136: checking for gcc
configure:17168: result: gcc
configure:17521: checking for C compiler version
configure:17530: gcc --version >&5
gcc (GCC) 12.3.0
Copyright (C) 2022 Free Software Foundation, Inc.
This is free software; see the source for copying conditions.  There is NO
warranty; not even for MERCHANTABILITY or FITNESS FOR A PARTICULAR PURPOSE.

configure:17541: $? = 0
configure:17530: gcc -v >&5
Using built-in specs.
COLLECT_GCC=/nix/store/yxpdhv0vv17gkg0xxsliimals3ldvbq3-gcc-12.3.0/bin/gcc
COLLECT_LTO_WRAPPER=/nix/store/yxpdhv0vv17gkg0xxsliimals3ldvbq3-gcc-12.3.0/libexec/gcc/x86_64-unknown-linux-gnu/12.3.0/lto-wrapper
Target: x86_64-unknown-linux-gnu
Configured with: ../gcc-12.3.0/configure --prefix=/nix/store/eeeeeeeeeeeeeeeeeeeeeeeeeeeeeeee-gcc-12.3.0 --with-gmp-include=/nix/store/eeeeeeeeeeeeeeeeeeeeeeeeeeeeeeee-gmp-6.2.1-dev/include --with-gmp-lib=/nix/store/eeeeeeeeeeeeeeeeeeeeeeeeeeeeeeee-gmp-6.2.1/lib --with-mpfr-include=/nix/store/eeeeeeeeeeeeeeeeeeeeeeeeeeeeeeee-mpfr-4.2.0-dev/include --with-mpfr-lib=/nix/store/eeeeeeeeeeeeeeeeeeeeeeeeeeeeeeee-mpfr-4.2.0/lib --with-mpc=/nix/store/eeeeeeeeeeeeeeeeeeeeeeeeeeeeeeee-libmpc-1.3.1 --with-native-system-header-dir=/nix/store/eeeeeeeeeeeeeeeeeeeeeeeeeeeeeeee-glibc-2.37-8-dev/include --with-build-sysroot=/ --program-prefix= --enable-lto --disable-libstdcxx-pch --without-included-gettext --with-system-zlib --enable-static --enable-languages=c,c++ --disable-multilib --enable-plugin --disable-libcc1 --with-isl=/nix/store/eeeeeeeeeeeeeeeeeeeeeeeeeeeeeeee-isl-0.20 --disable-bootstrap --build=x86_64-unknown-linux-gnu --host=x86_64-unknown-linux-gnu --target=x86_64-unknown-linux-gnu
Thread model: posix
Supported LTO compression algorithms: zlib
gcc version 12.3.0 (GCC) 
configure:17541: $? = 0
configure:17530: gcc -V >&5
gcc: error: unrecognized command-line option '-V'
gcc: fatal error: no input files
compilation terminated.
configure:17541: $? = 1
configure:17530: gcc -qversion >&5
gcc: error: unrecognized command-line option '-qversion'; did you mean '--version'?
gcc: fatal error: no input files
compilation terminated.
configure:17541: $? = 1
configure:17530: gcc -version >&5
gcc: error: unrecognized command-line option '-version'
gcc: fatal error: no input files
compilation terminated.
configure:17541: $? = 1
configure:17545: checking whether the compiler supports GNU C
configure:17575: result: yes
configure:17586: checking whether gcc accepts -g
configure:17651: result: yes
configure:17671: checking for gcc option to enable C11 features
configure:17704: result: none needed
configure:17820: checking whether gcc understands -c and -o together
configure:17858: result: yes
configure:17881: checking how to run the C preprocessor
configure:17907: gcc -E  conftest.c
configure:17907: $? = 0
configure:17922: gcc -E  conftest.c
conftest.c:26:10: fatal error: ac_nonexistent.h: No such file or directory
   26 | #include <ac_nonexistent.h>
      |          ^~~~~~~~~~~~~~~~~~
compilation terminated.
configure:17922: $? = 1
configure: failed program was:
| /* confdefs.h */
| #define PACKAGE_NAME "SKETCH"
| #define PACKAGE_TARNAME "sketch"
| #define PACKAGE_VERSION "1.7.5"
| #define PACKAGE_STRING "SKETCH 1.7.5"
| #define PACKAGE_BUGREPORT "asolar@csail.mit.edu"
| #define PACKAGE_URL ""
| #define HAVE_STDIO_H 1
| #define HAVE_STDLIB_H 1
| #define HAVE_STRING_H 1
| #define HAVE_INTTYPES_H 1
| #define HAVE_STDINT_H 1
| #define HAVE_STRINGS_H 1
| #define HAVE_SYS_STAT_H 1
| #define HAVE_SYS_TYPES_H 1
| #define HAVE_UNISTD_H 1
| #define HAVE_SYS_TIME_H 1
| #define HAVE_SYS_SELECT_H 1
| #define HAVE_SYS_SOCKET_H 1
| #define STDC_HEADERS 1
| #define HAVE_DLFCN_H 1
| #define LT_OBJDIR ".libs/"
| #define PACKAGE "sketch"
| #define VERSION "1.7.5"
| /* end confdefs.h.  */
| #include <ac_nonexistent.h>
configure:17949: result: gcc -E
configure:17963: gcc -E  conftest.c
configure:17963: $? = 0
configure:17978: gcc -E  conftest.c
conftest.c:26:10: fatal error: ac_nonexistent.h: No such file or directory
   26 | #include <ac_nonexistent.h>
      |          ^~~~~~~~~~~~~~~~~~
compilation terminated.
configure:17978: $? = 1
configure: failed program was:
| /* confdefs.h */
| #define PACKAGE_NAME "SKETCH"
| #define PACKAGE_TARNAME "sketch"
| #define PACKAGE_VERSION "1.7.5"
| #define PACKAGE_STRING "SKETCH 1.7.5"
| #define PACKAGE_BUGREPORT "asolar@csail.mit.edu"
| #define PACKAGE_URL ""
| #define HAVE_STDIO_H 1
| #define HAVE_STDLIB_H 1
| #define HAVE_STRING_H 1
| #define HAVE_INTTYPES_H 1
| #define HAVE_STDINT_H 1
| #define HAVE_STRINGS_H 1
| #define HAVE_SYS_STAT_H 1
| #define HAVE_SYS_TYPES_H 1
| #define HAVE_UNISTD_H 1
| #define HAVE_SYS_TIME_H 1
| #define HAVE_SYS_SELECT_H 1
| #define HAVE_SYS_SOCKET_H 1
| #define STDC_HEADERS 1
| #define HAVE_DLFCN_H 1
| #define LT_OBJDIR ".libs/"
| #define PACKAGE "sketch"
| #define VERSION "1.7.5"
| /* end confdefs.h.  */
| #include <ac_nonexistent.h>
configure:18012: checking for flex
configure:18033: found /nix/store/wxkbirnjmfwvaqp4fz9sqz6jxqw4y4sh-flex-2.6.4/bin/flex
configure:18044: result: flex
configure:18093: checking for lex output file root
configure:18106: flex conftest.l
configure:18110: $? = 0
configure:18118: result: lex.yy
configure:18133: checking for lex library
configure:18158: gcc -o conftest -g -O2   conftest.c  >&5
configure:18158: $? = 0
configure:18171: result: none needed
configure:18186: checking for library containing yywrap
configure:18216: gcc -o conftest -g -O2   conftest.c  >&5
/nix/store/fm1xq4f3g48k1mmwl6qg9jc3ipgfsk1x-binutils-2.40/bin/ld: /run/user/1000/ccBWE06E.o: in function `main':
/home/panda2134/Documents/sketch-1.7.6/sketch-backend/sketch-backend/conftest.c:34: undefined reference to `yywrap'
collect2: error: ld returned 1 exit status
configure:18216: $? = 1
configure: failed program was:
| /* confdefs.h */
| #define PACKAGE_NAME "SKETCH"
| #define PACKAGE_TARNAME "sketch"
| #define PACKAGE_VERSION "1.7.5"
| #define PACKAGE_STRING "SKETCH 1.7.5"
| #define PACKAGE_BUGREPORT "asolar@csail.mit.edu"
| #define PACKAGE_URL ""
| #define HAVE_STDIO_H 1
| #define HAVE_STDLIB_H 1
| #define HAVE_STRING_H 1
| #define HAVE_INTTYPES_H 1
| #define HAVE_STDINT_H 1
| #define HAVE_STRINGS_H 1
| #define HAVE_SYS_STAT_H 1
| #define HAVE_SYS_TYPES_H 1
| #define HAVE_UNISTD_H 1
| #define HAVE_SYS_TIME_H 1
| #define HAVE_SYS_SELECT_H 1
| #define HAVE_SYS_SOCKET_H 1
| #define STDC_HEADERS 1
| #define HAVE_DLFCN_H 1
| #define LT_OBJDIR ".libs/"
| #define PACKAGE "sketch"
| #define VERSION "1.7.5"
| /* end confdefs.h.  */
| 
| /* Override any GCC internal prototype to avoid an error.
|    Use char because int might match the return type of a GCC
|    builtin and then its argument prototype would still apply.  */
| char yywrap ();
| int
| main (void)
| {
| return yywrap ();
|   ;
|   return 0;
| }
configure:18216: gcc -o conftest -g -O2   conftest.c -lfl   >&5
/nix/store/fm1xq4f3g48k1mmwl6qg9jc3ipgfsk1x-binutils-2.40/bin/ld: /nix/store/wxkbirnjmfwvaqp4fz9sqz6jxqw4y4sh-flex-2.6.4/lib/libfl.so: undefined reference to `yylex'
collect2: error: ld returned 1 exit status
configure:18216: $? = 1
configure: failed program was:
| /* confdefs.h */
| #define PACKAGE_NAME "SKETCH"
| #define PACKAGE_TARNAME "sketch"
| #define PACKAGE_VERSION "1.7.5"
| #define PACKAGE_STRING "SKETCH 1.7.5"
| #define PACKAGE_BUGREPORT "asolar@csail.mit.edu"
| #define PACKAGE_URL ""
| #define HAVE_STDIO_H 1
| #define HAVE_STDLIB_H 1
| #define HAVE_STRING_H 1
| #define HAVE_INTTYPES_H 1
| #define HAVE_STDINT_H 1
| #define HAVE_STRINGS_H 1
| #define HAVE_SYS_STAT_H 1
| #define HAVE_SYS_TYPES_H 1
| #define HAVE_UNISTD_H 1
| #define HAVE_SYS_TIME_H 1
| #define HAVE_SYS_SELECT_H 1
| #define HAVE_SYS_SOCKET_H 1
| #define STDC_HEADERS 1
| #define HAVE_DLFCN_H 1
| #define LT_OBJDIR ".libs/"
| #define PACKAGE "sketch"
| #define VERSION "1.7.5"
| /* end confdefs.h.  */
| 
| /* Override any GCC internal prototype to avoid an error.
|    Use char because int might match the return type of a GCC
|    builtin and then its argument prototype would still apply.  */
| char yywrap ();
| int
| main (void)
| {
| return yywrap ();
|   ;
|   return 0;
| }
configure:18216: gcc -o conftest -g -O2   conftest.c -ll   >&5
/nix/store/fm1xq4f3g48k1mmwl6qg9jc3ipgfsk1x-binutils-2.40/bin/ld: cannot find -ll: No such file or directory
collect2: error: ld returned 1 exit status
configure:18216: $? = 1
configure: failed program was:
| /* confdefs.h */
| #define PACKAGE_NAME "SKETCH"
| #define PACKAGE_TARNAME "sketch"
| #define PACKAGE_VERSION "1.7.5"
| #define PACKAGE_STRING "SKETCH 1.7.5"
| #define PACKAGE_BUGREPORT "asolar@csail.mit.edu"
| #define PACKAGE_URL ""
| #define HAVE_STDIO_H 1
| #define HAVE_STDLIB_H 1
| #define HAVE_STRING_H 1
| #define HAVE_INTTYPES_H 1
| #define HAVE_STDINT_H 1
| #define HAVE_STRINGS_H 1
| #define HAVE_SYS_STAT_H 1
| #define HAVE_SYS_TYPES_H 1
| #define HAVE_UNISTD_H 1
| #define HAVE_SYS_TIME_H 1
| #define HAVE_SYS_SELECT_H 1
| #define HAVE_SYS_SOCKET_H 1
| #define STDC_HEADERS 1
| #define HAVE_DLFCN_H 1
| #define LT_OBJDIR ".libs/"
| #define PACKAGE "sketch"
| #define VERSION "1.7.5"
| /* end confdefs.h.  */
| 
| /* Override any GCC internal prototype to avoid an error.
|    Use char because int might match the return type of a GCC
|    builtin and then its argument prototype would still apply.  */
| char yywrap ();
| int
| main (void)
| {
| return yywrap ();
|   ;
|   return 0;
| }
configure:18236: result: no
configure:18252: checking whether yytext is a pointer
configure:18268: gcc -c -g -O2  conftest.c >&5
configure:18268: $? = 0
configure:18275: result: yes
configure:18292: checking whether make sets $(MAKE)
configure:18315: result: yes
configure:18329: checking for library containing pthread_create
configure:18359: gcc -o conftest -g -O2   conftest.c  >&5
configure:18359: $? = 0
configure:18379: result: none required
configure:18388: checking for library containing clock_gettime
configure:18418: gcc -o conftest -g -O2   conftest.c  >&5
configure:18418: $? = 0
configure:18438: result: none required
configure:18452: checking for size_t
configure:18452: gcc -c -g -O2  conftest.c >&5
configure:18452: $? = 0
configure:18452: gcc -c -g -O2  conftest.c >&5
conftest.c: In function 'main':
conftest.c:58:21: error: expected expression before ')' token
   58 | if (sizeof ((size_t)))
      |                     ^
configure:18452: $? = 1
configure: failed program was:
| /* confdefs.h */
| #define PACKAGE_NAME "SKETCH"
| #define PACKAGE_TARNAME "sketch"
| #define PACKAGE_VERSION "1.7.5"
| #define PACKAGE_STRING "SKETCH 1.7.5"
| #define PACKAGE_BUGREPORT "asolar@csail.mit.edu"
| #define PACKAGE_URL ""
| #define HAVE_STDIO_H 1
| #define HAVE_STDLIB_H 1
| #define HAVE_STRING_H 1
| #define HAVE_INTTYPES_H 1
| #define HAVE_STDINT_H 1
| #define HAVE_STRINGS_H 1
| #define HAVE_SYS_STAT_H 1
| #define HAVE_SYS_TYPES_H 1
| #define HAVE_UNISTD_H 1
| #define HAVE_SYS_TIME_H 1
| #define HAVE_SYS_SELECT_H 1
| #define HAVE_SYS_SOCKET_H 1
| #define STDC_HEADERS 1
| #define HAVE_DLFCN_H 1
| #define LT_OBJDIR ".libs/"
| #define PACKAGE "sketch"
| #define VERSION "1.7.5"
| #define YYTEXT_POINTER 1
| /* end confdefs.h.  */
| #include <stddef.h>
| #ifdef HAVE_STDIO_H
| # include <stdio.h>
| #endif
| #ifdef HAVE_STDLIB_H
| # include <stdlib.h>
| #endif
| #ifdef HAVE_STRING_H
| # include <string.h>
| #endif
| #ifdef HAVE_INTTYPES_H
| # include <inttypes.h>
| #endif
| #ifdef HAVE_STDINT_H
| # include <stdint.h>
| #endif
| #ifdef HAVE_STRINGS_H
| # include <strings.h>
| #endif
| #ifdef HAVE_SYS_TYPES_H
| # include <sys/types.h>
| #endif
| #ifdef HAVE_SYS_STAT_H
| # include <sys/stat.h>
| #endif
| #ifdef HAVE_UNISTD_H
| # include <unistd.h>
| #endif
| int
| main (void)
| {
| if (sizeof ((size_t)))
| 	    return 0;
|   ;
|   return 0;
| }
configure:18452: result: yes
configure:18464: checking for working alloca.h
configure:18482: gcc -o conftest -g -O2   conftest.c  >&5
configure:18482: $? = 0
configure:18491: result: yes
configure:18499: checking for alloca
configure:18544: result: yes
configure:18614: checking for dirent.h that defines DIR
configure:18634: gcc -c -g -O2  conftest.c >&5
configure:18634: $? = 0
configure:18643: result: yes
configure:18657: checking for library containing opendir
configure:18687: gcc -o conftest -g -O2   conftest.c  >&5
configure:18687: $? = 0
configure:18707: result: none required
configure:18781: checking for egrep
configure:18849: result: /nix/store/2hz0i9y0xck9y4pq1rabi0cwk4kylgrw-gnugrep-3.11/bin/grep -E
configure:18855: checking for fcntl.h
configure:18855: gcc -c -g -O2  conftest.c >&5
configure:18855: $? = 0
configure:18855: result: yes
configure:18861: checking for float.h
configure:18861: gcc -c -g -O2  conftest.c >&5
configure:18861: $? = 0
configure:18861: result: yes
configure:18867: checking for inttypes.h
configure:18867: result: yes
configure:18873: checking for libintl.h
configure:18873: gcc -c -g -O2  conftest.c >&5
configure:18873: $? = 0
configure:18873: result: yes
configure:18879: checking for limits.h
configure:18879: gcc -c -g -O2  conftest.c >&5
configure:18879: $? = 0
configure:18879: result: yes
configure:18885: checking for malloc.h
configure:18885: gcc -c -g -O2  conftest.c >&5
configure:18885: $? = 0
configure:18885: result: yes
configure:18891: checking for stddef.h
configure:18891: gcc -c -g -O2  conftest.c >&5
configure:18891: $? = 0
configure:18891: result: yes
configure:18897: checking for stdlib.h
configure:18897: result: yes
configure:18903: checking for string.h
configure:18903: result: yes
configure:18909: checking for strings.h
configure:18909: result: yes
configure:18915: checking for sys/time.h
configure:18915: result: yes
configure:18921: checking for sys/resource.h
configure:18921: gcc -c -g -O2  conftest.c >&5
configure:18921: $? = 0
configure:18921: result: yes
configure:18927: checking for unistd.h
configure:18927: result: yes
configure:18936: checking for _Bool
configure:18936: gcc -c -g -O2  conftest.c >&5
configure:18936: $? = 0
configure:18936: gcc -c -g -O2  conftest.c >&5
conftest.c: In function 'main':
conftest.c:74:20: error: expected expression before ')' token
   74 | if (sizeof ((_Bool)))
      |                    ^
configure:18936: $? = 1
configure: failed program was:
| /* confdefs.h */
| #define PACKAGE_NAME "SKETCH"
| #define PACKAGE_TARNAME "sketch"
| #define PACKAGE_VERSION "1.7.5"
| #define PACKAGE_STRING "SKETCH 1.7.5"
| #define PACKAGE_BUGREPORT "asolar@csail.mit.edu"
| #define PACKAGE_URL ""
| #define HAVE_STDIO_H 1
| #define HAVE_STDLIB_H 1
| #define HAVE_STRING_H 1
| #define HAVE_INTTYPES_H 1
| #define HAVE_STDINT_H 1
| #define HAVE_STRINGS_H 1
| #define HAVE_SYS_STAT_H 1
| #define HAVE_SYS_TYPES_H 1
| #define HAVE_UNISTD_H 1
| #define HAVE_SYS_TIME_H 1
| #define HAVE_SYS_SELECT_H 1
| #define HAVE_SYS_SOCKET_H 1
| #define STDC_HEADERS 1
| #define HAVE_DLFCN_H 1
| #define LT_OBJDIR ".libs/"
| #define PACKAGE "sketch"
| #define VERSION "1.7.5"
| #define YYTEXT_POINTER 1
| #define HAVE_ALLOCA_H 1
| #define HAVE_ALLOCA 1
| #define HAVE_DIRENT_H 1
| #define HAVE_FCNTL_H 1
| #define HAVE_FLOAT_H 1
| #define HAVE_INTTYPES_H 1
| #define HAVE_LIBINTL_H 1
| #define HAVE_LIMITS_H 1
| #define HAVE_MALLOC_H 1
| #define HAVE_STDDEF_H 1
| #define HAVE_STDLIB_H 1
| #define HAVE_STRING_H 1
| #define HAVE_STRINGS_H 1
| #define HAVE_SYS_TIME_H 1
| #define HAVE_SYS_RESOURCE_H 1
| #define HAVE_UNISTD_H 1
| /* end confdefs.h.  */
| #include <stddef.h>
| #ifdef HAVE_STDIO_H
| # include <stdio.h>
| #endif
| #ifdef HAVE_STDLIB_H
| # include <stdlib.h>
| #endif
| #ifdef HAVE_STRING_H
| # include <string.h>
| #endif
| #ifdef HAVE_INTTYPES_H
| # include <inttypes.h>
| #endif
| #ifdef HAVE_STDINT_H
| # include <stdint.h>
| #endif
| #ifdef HAVE_STRINGS_H
| # include <strings.h>
| #endif
| #ifdef HAVE_SYS_TYPES_H
| # include <sys/types.h>
| #endif
| #ifdef HAVE_SYS_STAT_H
| # include <sys/stat.h>
| #endif
| #ifdef HAVE_UNISTD_H
| # include <unistd.h>
| #endif
| int
| main (void)
| {
| if (sizeof ((_Bool)))
| 	    return 0;
|   ;
|   return 0;
| }
configure:18936: result: yes
configure:18945: checking for stdbool.h that conforms to C99
configure:19061: gcc -c -g -O2  conftest.c >&5
configure:19061: $? = 0
configure:19069: result: yes
configure:19078: checking for an ANSI C-conforming const
configure:19145: gcc -c -g -O2  conftest.c >&5
configure:19145: $? = 0
configure:19153: result: yes
configure:19161: checking for inline
configure:19178: gcc -c -g -O2  conftest.c >&5
configure:19178: $? = 0
configure:19187: result: inline
configure:19205: checking for int16_t
configure:19205: gcc -c -g -O2  conftest.c >&5
configure:19205: $? = 0
configure:19205: gcc -c -g -O2  conftest.c >&5
conftest.c: In function 'main':
conftest.c:77:12: error: size of array 'test_array' is negative
   77 | static int test_array [1 - 2 * !((int16_t) (((((int16_t) 1 << N) << N) - 1) * 2 + 1)
      |            ^~~~~~~~~~
configure:19205: $? = 1
configure: failed program was:
| /* confdefs.h */
| #define PACKAGE_NAME "SKETCH"
| #define PACKAGE_TARNAME "sketch"
| #define PACKAGE_VERSION "1.7.5"
| #define PACKAGE_STRING "SKETCH 1.7.5"
| #define PACKAGE_BUGREPORT "asolar@csail.mit.edu"
| #define PACKAGE_URL ""
| #define HAVE_STDIO_H 1
| #define HAVE_STDLIB_H 1
| #define HAVE_STRING_H 1
| #define HAVE_INTTYPES_H 1
| #define HAVE_STDINT_H 1
| #define HAVE_STRINGS_H 1
| #define HAVE_SYS_STAT_H 1
| #define HAVE_SYS_TYPES_H 1
| #define HAVE_UNISTD_H 1
| #define HAVE_SYS_TIME_H 1
| #define HAVE_SYS_SELECT_H 1
| #define HAVE_SYS_SOCKET_H 1
| #define STDC_HEADERS 1
| #define HAVE_DLFCN_H 1
| #define LT_OBJDIR ".libs/"
| #define PACKAGE "sketch"
| #define VERSION "1.7.5"
| #define YYTEXT_POINTER 1
| #define HAVE_ALLOCA_H 1
| #define HAVE_ALLOCA 1
| #define HAVE_DIRENT_H 1
| #define HAVE_FCNTL_H 1
| #define HAVE_FLOAT_H 1
| #define HAVE_INTTYPES_H 1
| #define HAVE_LIBINTL_H 1
| #define HAVE_LIMITS_H 1
| #define HAVE_MALLOC_H 1
| #define HAVE_STDDEF_H 1
| #define HAVE_STDLIB_H 1
| #define HAVE_STRING_H 1
| #define HAVE_STRINGS_H 1
| #define HAVE_SYS_TIME_H 1
| #define HAVE_SYS_RESOURCE_H 1
| #define HAVE_UNISTD_H 1
| #define HAVE__BOOL 1
| #define HAVE_STDBOOL_H 1
| /* end confdefs.h.  */
| #include <stddef.h>
| #ifdef HAVE_STDIO_H
| # include <stdio.h>
| #endif
| #ifdef HAVE_STDLIB_H
| # include <stdlib.h>
| #endif
| #ifdef HAVE_STRING_H
| # include <string.h>
| #endif
| #ifdef HAVE_INTTYPES_H
| # include <inttypes.h>
| #endif
| #ifdef HAVE_STDINT_H
| # include <stdint.h>
| #endif
| #ifdef HAVE_STRINGS_H
| # include <strings.h>
| #endif
| #ifdef HAVE_SYS_TYPES_H
| # include <sys/types.h>
| #endif
| #ifdef HAVE_SYS_STAT_H
| # include <sys/stat.h>
| #endif
| #ifdef HAVE_UNISTD_H
| # include <unistd.h>
| #endif
| 	        enum { N = 16 / 2 - 1 };
| int
| main (void)
| {
| static int test_array [1 - 2 * !((int16_t) (((((int16_t) 1 << N) << N) - 1) * 2 + 1)
| 		 < (int16_t) (((((int16_t) 1 << N) << N) - 1) * 2 + 2))];
| test_array [0] = 0;
| return test_array [0];
| 
|   ;
|   return 0;
| }
configure:19205: result: yes
configure:19214: checking for int32_t
configure:19214: gcc -c -g -O2  conftest.c >&5
configure:19214: $? = 0
configure:19214: gcc -c -g -O2  conftest.c >&5
conftest.c: In function 'main':
conftest.c:78:67: warning: integer overflow in expression of type 'int' results in '-2147483648' [-Woverflow]
   78 |                  < (int32_t) (((((int32_t) 1 << N) << N) - 1) * 2 + 2))];
      |                                                                   ^
conftest.c:77:12: error: storage size of 'test_array' isn't constant
   77 | static int test_array [1 - 2 * !((int32_t) (((((int32_t) 1 << N) << N) - 1) * 2 + 1)
      |            ^~~~~~~~~~
configure:19214: $? = 1
configure: failed program was:
| /* confdefs.h */
| #define PACKAGE_NAME "SKETCH"
| #define PACKAGE_TARNAME "sketch"
| #define PACKAGE_VERSION "1.7.5"
| #define PACKAGE_STRING "SKETCH 1.7.5"
| #define PACKAGE_BUGREPORT "asolar@csail.mit.edu"
| #define PACKAGE_URL ""
| #define HAVE_STDIO_H 1
| #define HAVE_STDLIB_H 1
| #define HAVE_STRING_H 1
| #define HAVE_INTTYPES_H 1
| #define HAVE_STDINT_H 1
| #define HAVE_STRINGS_H 1
| #define HAVE_SYS_STAT_H 1
| #define HAVE_SYS_TYPES_H 1
| #define HAVE_UNISTD_H 1
| #define HAVE_SYS_TIME_H 1
| #define HAVE_SYS_SELECT_H 1
| #define HAVE_SYS_SOCKET_H 1
| #define STDC_HEADERS 1
| #define HAVE_DLFCN_H 1
| #define LT_OBJDIR ".libs/"
| #define PACKAGE "sketch"
| #define VERSION "1.7.5"
| #define YYTEXT_POINTER 1
| #define HAVE_ALLOCA_H 1
| #define HAVE_ALLOCA 1
| #define HAVE_DIRENT_H 1
| #define HAVE_FCNTL_H 1
| #define HAVE_FLOAT_H 1
| #define HAVE_INTTYPES_H 1
| #define HAVE_LIBINTL_H 1
| #define HAVE_LIMITS_H 1
| #define HAVE_MALLOC_H 1
| #define HAVE_STDDEF_H 1
| #define HAVE_STDLIB_H 1
| #define HAVE_STRING_H 1
| #define HAVE_STRINGS_H 1
| #define HAVE_SYS_TIME_H 1
| #define HAVE_SYS_RESOURCE_H 1
| #define HAVE_UNISTD_H 1
| #define HAVE__BOOL 1
| #define HAVE_STDBOOL_H 1
| /* end confdefs.h.  */
| #include <stddef.h>
| #ifdef HAVE_STDIO_H
| # include <stdio.h>
| #endif
| #ifdef HAVE_STDLIB_H
| # include <stdlib.h>
| #endif
| #ifdef HAVE_STRING_H
| # include <string.h>
| #endif
| #ifdef HAVE_INTTYPES_H
| # include <inttypes.h>
| #endif
| #ifdef HAVE_STDINT_H
| # include <stdint.h>
| #endif
| #ifdef HAVE_STRINGS_H
| # include <strings.h>
| #endif
| #ifdef HAVE_SYS_TYPES_H
| # include <sys/types.h>
| #endif
| #ifdef HAVE_SYS_STAT_H
| # include <sys/stat.h>
| #endif
| #ifdef HAVE_UNISTD_H
| # include <unistd.h>
| #endif
| 	        enum { N = 32 / 2 - 1 };
| int
| main (void)
| {
| static int test_array [1 - 2 * !((int32_t) (((((int32_t) 1 << N) << N) - 1) * 2 + 1)
| 		 < (int32_t) (((((int32_t) 1 << N) << N) - 1) * 2 + 2))];
| test_array [0] = 0;
| return test_array [0];
| 
|   ;
|   return 0;
| }
configure:19214: result: yes
configure:19223: checking for int8_t
configure:19223: gcc -c -g -O2  conftest.c >&5
configure:19223: $? = 0
configure:19223: gcc -c -g -O2  conftest.c >&5
conftest.c: In function 'main':
conftest.c:77:12: error: size of array 'test_array' is negative
   77 | static int test_array [1 - 2 * !((int8_t) (((((int8_t) 1 << N) << N) - 1) * 2 + 1)
      |            ^~~~~~~~~~
configure:19223: $? = 1
configure: failed program was:
| /* confdefs.h */
| #define PACKAGE_NAME "SKETCH"
| #define PACKAGE_TARNAME "sketch"
| #define PACKAGE_VERSION "1.7.5"
| #define PACKAGE_STRING "SKETCH 1.7.5"
| #define PACKAGE_BUGREPORT "asolar@csail.mit.edu"
| #define PACKAGE_URL ""
| #define HAVE_STDIO_H 1
| #define HAVE_STDLIB_H 1
| #define HAVE_STRING_H 1
| #define HAVE_INTTYPES_H 1
| #define HAVE_STDINT_H 1
| #define HAVE_STRINGS_H 1
| #define HAVE_SYS_STAT_H 1
| #define HAVE_SYS_TYPES_H 1
| #define HAVE_UNISTD_H 1
| #define HAVE_SYS_TIME_H 1
| #define HAVE_SYS_SELECT_H 1
| #define HAVE_SYS_SOCKET_H 1
| #define STDC_HEADERS 1
| #define HAVE_DLFCN_H 1
| #define LT_OBJDIR ".libs/"
| #define PACKAGE "sketch"
| #define VERSION "1.7.5"
| #define YYTEXT_POINTER 1
| #define HAVE_ALLOCA_H 1
| #define HAVE_ALLOCA 1
| #define HAVE_DIRENT_H 1
| #define HAVE_FCNTL_H 1
| #define HAVE_FLOAT_H 1
| #define HAVE_INTTYPES_H 1
| #define HAVE_LIBINTL_H 1
| #define HAVE_LIMITS_H 1
| #define HAVE_MALLOC_H 1
| #define HAVE_STDDEF_H 1
| #define HAVE_STDLIB_H 1
| #define HAVE_STRING_H 1
| #define HAVE_STRINGS_H 1
| #define HAVE_SYS_TIME_H 1
| #define HAVE_SYS_RESOURCE_H 1
| #define HAVE_UNISTD_H 1
| #define HAVE__BOOL 1
| #define HAVE_STDBOOL_H 1
| /* end confdefs.h.  */
| #include <stddef.h>
| #ifdef HAVE_STDIO_H
| # include <stdio.h>
| #endif
| #ifdef HAVE_STDLIB_H
| # include <stdlib.h>
| #endif
| #ifdef HAVE_STRING_H
| # include <string.h>
| #endif
| #ifdef HAVE_INTTYPES_H
| # include <inttypes.h>
| #endif
| #ifdef HAVE_STDINT_H
| # include <stdint.h>
| #endif
| #ifdef HAVE_STRINGS_H
| # include <strings.h>
| #endif
| #ifdef HAVE_SYS_TYPES_H
| # include <sys/types.h>
| #endif
| #ifdef HAVE_SYS_STAT_H
| # include <sys/stat.h>
| #endif
| #ifdef HAVE_UNISTD_H
| # include <unistd.h>
| #endif
| 	        enum { N = 8 / 2 - 1 };
| int
| main (void)
| {
| static int test_array [1 - 2 * !((int8_t) (((((int8_t) 1 << N) << N) - 1) * 2 + 1)
| 		 < (int8_t) (((((int8_t) 1 << N) << N) - 1) * 2 + 2))];
| test_array [0] = 0;
| return test_array [0];
| 
|   ;
|   return 0;
| }
configure:19223: result: yes
configure:19233: checking for pid_t
configure:19233: gcc -c -g -O2  conftest.c >&5
configure:19233: $? = 0
configure:19233: gcc -c -g -O2  conftest.c >&5
conftest.c: In function 'main':
conftest.c:77:20: error: expected expression before ')' token
   77 | if (sizeof ((pid_t)))
      |                    ^
configure:19233: $? = 1
configure: failed program was:
| /* confdefs.h */
| #define PACKAGE_NAME "SKETCH"
| #define PACKAGE_TARNAME "sketch"
| #define PACKAGE_VERSION "1.7.5"
| #define PACKAGE_STRING "SKETCH 1.7.5"
| #define PACKAGE_BUGREPORT "asolar@csail.mit.edu"
| #define PACKAGE_URL ""
| #define HAVE_STDIO_H 1
| #define HAVE_STDLIB_H 1
| #define HAVE_STRING_H 1
| #define HAVE_INTTYPES_H 1
| #define HAVE_STDINT_H 1
| #define HAVE_STRINGS_H 1
| #define HAVE_SYS_STAT_H 1
| #define HAVE_SYS_TYPES_H 1
| #define HAVE_UNISTD_H 1
| #define HAVE_SYS_TIME_H 1
| #define HAVE_SYS_SELECT_H 1
| #define HAVE_SYS_SOCKET_H 1
| #define STDC_HEADERS 1
| #define HAVE_DLFCN_H 1
| #define LT_OBJDIR ".libs/"
| #define PACKAGE "sketch"
| #define VERSION "1.7.5"
| #define YYTEXT_POINTER 1
| #define HAVE_ALLOCA_H 1
| #define HAVE_ALLOCA 1
| #define HAVE_DIRENT_H 1
| #define HAVE_FCNTL_H 1
| #define HAVE_FLOAT_H 1
| #define HAVE_INTTYPES_H 1
| #define HAVE_LIBINTL_H 1
| #define HAVE_LIMITS_H 1
| #define HAVE_MALLOC_H 1
| #define HAVE_STDDEF_H 1
| #define HAVE_STDLIB_H 1
| #define HAVE_STRING_H 1
| #define HAVE_STRINGS_H 1
| #define HAVE_SYS_TIME_H 1
| #define HAVE_SYS_RESOURCE_H 1
| #define HAVE_UNISTD_H 1
| #define HAVE__BOOL 1
| #define HAVE_STDBOOL_H 1
| /* end confdefs.h.  */
| #include <stddef.h>
| #ifdef HAVE_STDIO_H
| # include <stdio.h>
| #endif
| #ifdef HAVE_STDLIB_H
| # include <stdlib.h>
| #endif
| #ifdef HAVE_STRING_H
| # include <string.h>
| #endif
| #ifdef HAVE_INTTYPES_H
| # include <inttypes.h>
| #endif
| #ifdef HAVE_STDINT_H
| # include <stdint.h>
| #endif
| #ifdef HAVE_STRINGS_H
| # include <strings.h>
| #endif
| #ifdef HAVE_SYS_TYPES_H
| # include <sys/types.h>
| #endif
| #ifdef HAVE_SYS_STAT_H
| # include <sys/stat.h>
| #endif
| #ifdef HAVE_UNISTD_H
| # include <unistd.h>
| #endif
| 
| int
| main (void)
| {
| if (sizeof ((pid_t)))
| 	    return 0;
|   ;
|   return 0;
| }
configure:19233: result: yes
configure:19269: checking for C/C++ restrict keyword
configure:19299: gcc -c -g -O2  conftest.c >&5
configure:19299: $? = 0
configure:19308: result: __restrict__
configure:19319: checking for size_t
configure:19319: result: yes
configure:19339: checking for uint16_t
configure:19339: gcc -c -g -O2  conftest.c >&5
configure:19339: $? = 0
configure:19339: result: yes
configure:19349: checking for uint32_t
configure:19349: gcc -c -g -O2  conftest.c >&5
configure:19349: $? = 0
configure:19349: result: yes
configure:19361: checking for uint8_t
configure:19361: gcc -c -g -O2  conftest.c >&5
configure:19361: $? = 0
configure:19361: result: yes
configure:19373: checking for working volatile
configure:19393: gcc -c -g -O2  conftest.c >&5
configure:19393: $? = 0
configure:19401: result: yes
configure:19411: checking whether closedir returns void
configure:19432: gcc -c -g -O2  conftest.c >&5
conftest.c: In function 'main':
conftest.c:54:10: warning: argument 1 null where non-null expected [-Wnonnull]
   54 |   return closedir(0);
      |          ^~~~~~~~
In file included from conftest.c:48:
/nix/store/zy5wpy57sbvx3zlhgddxg8b5s0yswchs-glibc-2.37-8-dev/include/dirent.h:134:12: note: in a call to function 'closedir' declared 'nonnull'
  134 | extern int closedir (DIR *__dirp) __nonnull ((1));
      |            ^~~~~~~~
configure:19432: $? = 0
configure:19440: result: no
configure:19448: checking for GNU libc compatible malloc
configure:19480: gcc -o conftest -g -O2   conftest.c  >&5
configure:19480: $? = 0
configure:19480: ./conftest
configure:19480: $? = 0
configure:19491: result: yes
configure:19513: checking for working memcmp
configure:19558: gcc -o conftest -g -O2   conftest.c  >&5
configure:19558: $? = 0
configure:19558: ./conftest
configure:19558: $? = 0
configure:19569: result: yes
configure:19578: checking for GNU libc compatible realloc
configure:19610: gcc -o conftest -g -O2   conftest.c  >&5
configure:19610: $? = 0
configure:19610: ./conftest
configure:19610: $? = 0
configure:19621: result: yes
configure:19646: checking types of arguments for select
configure:19676: gcc -c -g -O2  conftest.c >&5
configure:19676: $? = 0
configure:19686: result: int,fd_set *,struct timeval *
configure:19711: checking return type of signal handlers
configure:19730: gcc -c -g -O2  conftest.c >&5
conftest.c: In function 'main':
conftest.c:58:10: error: void value not ignored as it ought to be
   58 | return *(signal (0, 0)) (0) == 1;
      |         ~^~~~~~~~~~~~~~~~~~
configure:19730: $? = 1
configure: failed program was:
| /* confdefs.h */
| #define PACKAGE_NAME "SKETCH"
| #define PACKAGE_TARNAME "sketch"
| #define PACKAGE_VERSION "1.7.5"
| #define PACKAGE_STRING "SKETCH 1.7.5"
| #define PACKAGE_BUGREPORT "asolar@csail.mit.edu"
| #define PACKAGE_URL ""
| #define HAVE_STDIO_H 1
| #define HAVE_STDLIB_H 1
| #define HAVE_STRING_H 1
| #define HAVE_INTTYPES_H 1
| #define HAVE_STDINT_H 1
| #define HAVE_STRINGS_H 1
| #define HAVE_SYS_STAT_H 1
| #define HAVE_SYS_TYPES_H 1
| #define HAVE_UNISTD_H 1
| #define HAVE_SYS_TIME_H 1
| #define HAVE_SYS_SELECT_H 1
| #define HAVE_SYS_SOCKET_H 1
| #define STDC_HEADERS 1
| #define HAVE_DLFCN_H 1
| #define LT_OBJDIR ".libs/"
| #define PACKAGE "sketch"
| #define VERSION "1.7.5"
| #define YYTEXT_POINTER 1
| #define HAVE_ALLOCA_H 1
| #define HAVE_ALLOCA 1
| #define HAVE_DIRENT_H 1
| #define HAVE_FCNTL_H 1
| #define HAVE_FLOAT_H 1
| #define HAVE_INTTYPES_H 1
| #define HAVE_LIBINTL_H 1
| #define HAVE_LIMITS_H 1
| #define HAVE_MALLOC_H 1
| #define HAVE_STDDEF_H 1
| #define HAVE_STDLIB_H 1
| #define HAVE_STRING_H 1
| #define HAVE_STRINGS_H 1
| #define HAVE_SYS_TIME_H 1
| #define HAVE_SYS_RESOURCE_H 1
| #define HAVE_UNISTD_H 1
| #define HAVE__BOOL 1
| #define HAVE_STDBOOL_H 1
| #define restrict __restrict__
| #define TIME_WITH_SYS_TIME 1
| #define HAVE_MALLOC 1
| #define HAVE_REALLOC 1
| #define SELECT_TYPE_ARG1 int
| #define SELECT_TYPE_ARG234 (fd_set *)
| #define SELECT_TYPE_ARG5 (struct timeval *)
| /* end confdefs.h.  */
| #include <sys/types.h>
| #include <signal.h>
| 
| int
| main (void)
| {
| return *(signal (0, 0)) (0) == 1;
|   ;
|   return 0;
| }
configure:19738: result: void
configure:19744: checking for working strcoll
configure:19772: gcc -o conftest -g -O2   conftest.c  >&5
configure:19772: $? = 0
configure:19772: ./conftest
configure:19772: $? = 0
configure:19783: result: yes
configure:19791: checking for working strtod
configure:19834: gcc -o conftest -g -O2   conftest.c  >&5
configure:19834: $? = 0
configure:19834: ./conftest
configure:19834: $? = 0
configure:19845: result: yes
configure:19912: checking for vprintf
configure:19912: gcc -o conftest -g -O2   conftest.c  >&5
conftest.c:70:6: warning: conflicting types for built-in function 'vprintf'; expected 'int(const char *, __va_list_tag *)' [-Wbuiltin-declaration-mismatch]
   70 | char vprintf ();
      |      ^~~~~~~
conftest.c:62:1: note: 'vprintf' is declared in header '<stdio.h>'
   61 | #include <limits.h>
   62 | #undef vprintf
configure:19912: $? = 0
configure:19912: result: yes
configure:19933: checking for atexit
configure:19933: gcc -o conftest -g -O2   conftest.c  >&5
configure:19933: $? = 0
configure:19933: result: yes
configure:19939: checking for floor
configure:19939: gcc -o conftest -g -O2   conftest.c  >&5
conftest.c:72:6: warning: conflicting types for built-in function 'floor'; expected 'double(double)' [-Wbuiltin-declaration-mismatch]
   72 | char floor ();
      |      ^~~~~
conftest.c:64:1: note: 'floor' is declared in header '<math.h>'
   63 | #include <limits.h>
   64 | #undef floor
/nix/store/fm1xq4f3g48k1mmwl6qg9jc3ipgfsk1x-binutils-2.40/bin/ld: /run/user/1000/ccNb6hgh.o: in function `main':
/home/panda2134/Documents/sketch-1.7.6/sketch-backend/sketch-backend/conftest.c:83: undefined reference to `floor'
collect2: error: ld returned 1 exit status
configure:19939: $? = 1
configure: failed program was:
| /* confdefs.h */
| #define PACKAGE_NAME "SKETCH"
| #define PACKAGE_TARNAME "sketch"
| #define PACKAGE_VERSION "1.7.5"
| #define PACKAGE_STRING "SKETCH 1.7.5"
| #define PACKAGE_BUGREPORT "asolar@csail.mit.edu"
| #define PACKAGE_URL ""
| #define HAVE_STDIO_H 1
| #define HAVE_STDLIB_H 1
| #define HAVE_STRING_H 1
| #define HAVE_INTTYPES_H 1
| #define HAVE_STDINT_H 1
| #define HAVE_STRINGS_H 1
| #define HAVE_SYS_STAT_H 1
| #define HAVE_SYS_TYPES_H 1
| #define HAVE_UNISTD_H 1
| #define HAVE_SYS_TIME_H 1
| #define HAVE_SYS_SELECT_H 1
| #define HAVE_SYS_SOCKET_H 1
| #define STDC_HEADERS 1
| #define HAVE_DLFCN_H 1
| #define LT_OBJDIR ".libs/"
| #define PACKAGE "sketch"
| #define VERSION "1.7.5"
| #define YYTEXT_POINTER 1
| #define HAVE_ALLOCA_H 1
| #define HAVE_ALLOCA 1
| #define HAVE_DIRENT_H 1
| #define HAVE_FCNTL_H 1
| #define HAVE_FLOAT_H 1
| #define HAVE_INTTYPES_H 1
| #define HAVE_LIBINTL_H 1
| #define HAVE_LIMITS_H 1
| #define HAVE_MALLOC_H 1
| #define HAVE_STDDEF_H 1
| #define HAVE_STDLIB_H 1
| #define HAVE_STRING_H 1
| #define HAVE_STRINGS_H 1
| #define HAVE_SYS_TIME_H 1
| #define HAVE_SYS_RESOURCE_H 1
| #define HAVE_UNISTD_H 1
| #define HAVE__BOOL 1
| #define HAVE_STDBOOL_H 1
| #define restrict __restrict__
| #define TIME_WITH_SYS_TIME 1
| #define HAVE_MALLOC 1
| #define HAVE_REALLOC 1
| #define SELECT_TYPE_ARG1 int
| #define SELECT_TYPE_ARG234 (fd_set *)
| #define SELECT_TYPE_ARG5 (struct timeval *)
| #define RETSIGTYPE void
| #define HAVE_STRCOLL 1
| #define HAVE_VPRINTF 1
| #define HAVE_ATEXIT 1
| /* end confdefs.h.  */
| /* Define floor to an innocuous variant, in case <limits.h> declares floor.
|    For example, HP-UX 11i <limits.h> declares gettimeofday.  */
| #define floor innocuous_floor
| 
| /* System header to define __stub macros and hopefully few prototypes,
|    which can conflict with char floor (); below.  */
| 
| #include <limits.h>
| #undef floor
| 
| /* Override any GCC internal prototype to avoid an error.
|    Use char because int might match the return type of a GCC
|    builtin and then its argument prototype would still apply.  */
| #ifdef __cplusplus
| extern "C"
| #endif
| char floor ();
| /* The GNU C library defines this for functions which it implements
|     to always fail with ENOSYS.  Some functions are actually named
|     something starting with __ and the normal name is an alias.  */
| #if defined __stub_floor || defined __stub___floor
| choke me
| #endif
| 
| int
| main (void)
| {
| return floor ();
|   ;
|   return 0;
| }
configure:19939: result: no
configure:19945: checking for getpagesize
configure:19945: gcc -o conftest -g -O2   conftest.c  >&5
configure:19945: $? = 0
configure:19945: result: yes
configure:19951: checking for gettimeofday
configure:19951: gcc -o conftest -g -O2   conftest.c  >&5
configure:19951: $? = 0
configure:19951: result: yes
configure:19957: checking for mblen
configure:19957: gcc -o conftest -g -O2   conftest.c  >&5
configure:19957: $? = 0
configure:19957: result: yes
configure:19963: checking for memchr
configure:19963: gcc -o conftest -g -O2   conftest.c  >&5
conftest.c:75:6: warning: conflicting types for built-in function 'memchr'; expected 'void *(const void *, int,  long unsigned int)' [-Wbuiltin-declaration-mismatch]
   75 | char memchr ();
      |      ^~~~~~
conftest.c:67:1: note: 'memchr' is declared in header '<string.h>'
   66 | #include <limits.h>
   67 | #undef memchr
configure:19963: $? = 0
configure:19963: result: yes
configure:19969: checking for memmove
configure:19969: gcc -o conftest -g -O2   conftest.c  >&5
conftest.c:76:6: warning: conflicting types for built-in function 'memmove'; expected 'void *(void *, const void *, long unsigned int)' [-Wbuiltin-declaration-mismatch]
   76 | char memmove ();
      |      ^~~~~~~
conftest.c:68:1: note: 'memmove' is declared in header '<string.h>'
   67 | #include <limits.h>
   68 | #undef memmove
configure:19969: $? = 0
configure:19969: result: yes
configure:19975: checking for memset
configure:19975: gcc -o conftest -g -O2   conftest.c  >&5
conftest.c:77:6: warning: conflicting types for built-in function 'memset'; expected 'void *(void *, int,  long unsigned int)' [-Wbuiltin-declaration-mismatch]
   77 | char memset ();
      |      ^~~~~~
conftest.c:69:1: note: 'memset' is declared in header '<string.h>'
   68 | #include <limits.h>
   69 | #undef memset
configure:19975: $? = 0
configure:19975: result: yes
configure:19981: checking for pow
configure:19981: gcc -o conftest -g -O2   conftest.c  >&5
conftest.c:78:6: warning: conflicting types for built-in function 'pow'; expected 'double(double,  double)' [-Wbuiltin-declaration-mismatch]
   78 | char pow ();
      |      ^~~
conftest.c:70:1: note: 'pow' is declared in header '<math.h>'
   69 | #include <limits.h>
   70 | #undef pow
/nix/store/fm1xq4f3g48k1mmwl6qg9jc3ipgfsk1x-binutils-2.40/bin/ld: /run/user/1000/ccq2nJle.o: in function `main':
/home/panda2134/Documents/sketch-1.7.6/sketch-backend/sketch-backend/conftest.c:89: undefined reference to `pow'
collect2: error: ld returned 1 exit status
configure:19981: $? = 1
configure: failed program was:
| /* confdefs.h */
| #define PACKAGE_NAME "SKETCH"
| #define PACKAGE_TARNAME "sketch"
| #define PACKAGE_VERSION "1.7.5"
| #define PACKAGE_STRING "SKETCH 1.7.5"
| #define PACKAGE_BUGREPORT "asolar@csail.mit.edu"
| #define PACKAGE_URL ""
| #define HAVE_STDIO_H 1
| #define HAVE_STDLIB_H 1
| #define HAVE_STRING_H 1
| #define HAVE_INTTYPES_H 1
| #define HAVE_STDINT_H 1
| #define HAVE_STRINGS_H 1
| #define HAVE_SYS_STAT_H 1
| #define HAVE_SYS_TYPES_H 1
| #define HAVE_UNISTD_H 1
| #define HAVE_SYS_TIME_H 1
| #define HAVE_SYS_SELECT_H 1
| #define HAVE_SYS_SOCKET_H 1
| #define STDC_HEADERS 1
| #define HAVE_DLFCN_H 1
| #define LT_OBJDIR ".libs/"
| #define PACKAGE "sketch"
| #define VERSION "1.7.5"
| #define YYTEXT_POINTER 1
| #define HAVE_ALLOCA_H 1
| #define HAVE_ALLOCA 1
| #define HAVE_DIRENT_H 1
| #define HAVE_FCNTL_H 1
| #define HAVE_FLOAT_H 1
| #define HAVE_INTTYPES_H 1
| #define HAVE_LIBINTL_H 1
| #define HAVE_LIMITS_H 1
| #define HAVE_MALLOC_H 1
| #define HAVE_STDDEF_H 1
| #define HAVE_STDLIB_H 1
| #define HAVE_STRING_H 1
| #define HAVE_STRINGS_H 1
| #define HAVE_SYS_TIME_H 1
| #define HAVE_SYS_RESOURCE_H 1
| #define HAVE_UNISTD_H 1
| #define HAVE__BOOL 1
| #define HAVE_STDBOOL_H 1
| #define restrict __restrict__
| #define TIME_WITH_SYS_TIME 1
| #define HAVE_MALLOC 1
| #define HAVE_REALLOC 1
| #define SELECT_TYPE_ARG1 int
| #define SELECT_TYPE_ARG234 (fd_set *)
| #define SELECT_TYPE_ARG5 (struct timeval *)
| #define RETSIGTYPE void
| #define HAVE_STRCOLL 1
| #define HAVE_VPRINTF 1
| #define HAVE_ATEXIT 1
| #define HAVE_GETPAGESIZE 1
| #define HAVE_GETTIMEOFDAY 1
| #define HAVE_MBLEN 1
| #define HAVE_MEMCHR 1
| #define HAVE_MEMMOVE 1
| #define HAVE_MEMSET 1
| /* end confdefs.h.  */
| /* Define pow to an innocuous variant, in case <limits.h> declares pow.
|    For example, HP-UX 11i <limits.h> declares gettimeofday.  */
| #define pow innocuous_pow
| 
| /* System header to define __stub macros and hopefully few prototypes,
|    which can conflict with char pow (); below.  */
| 
| #include <limits.h>
| #undef pow
| 
| /* Override any GCC internal prototype to avoid an error.
|    Use char because int might match the return type of a GCC
|    builtin and then its argument prototype would still apply.  */
| #ifdef __cplusplus
| extern "C"
| #endif
| char pow ();
| /* The GNU C library defines this for functions which it implements
|     to always fail with ENOSYS.  Some functions are actually named
|     something starting with __ and the normal name is an alias.  */
| #if defined __stub_pow || defined __stub___pow
| choke me
| #endif
| 
| int
| main (void)
| {
| return pow ();
|   ;
|   return 0;
| }
configure:19981: result: no
configure:19987: checking for putenv
configure:19987: gcc -o conftest -g -O2   conftest.c  >&5
configure:19987: $? = 0
configure:19987: result: yes
configure:19993: checking for select
configure:19993: gcc -o conftest -g -O2   conftest.c  >&5
configure:19993: $? = 0
configure:19993: result: yes
configure:19999: checking for sqrt
configure:19999: gcc -o conftest -g -O2   conftest.c  >&5
conftest.c:80:6: warning: conflicting types for built-in function 'sqrt'; expected 'double(double)' [-Wbuiltin-declaration-mismatch]
   80 | char sqrt ();
      |      ^~~~
conftest.c:72:1: note: 'sqrt' is declared in header '<math.h>'
   71 | #include <limits.h>
   72 | #undef sqrt
/nix/store/fm1xq4f3g48k1mmwl6qg9jc3ipgfsk1x-binutils-2.40/bin/ld: /run/user/1000/cc393jAJ.o: in function `main':
/home/panda2134/Documents/sketch-1.7.6/sketch-backend/sketch-backend/conftest.c:91: undefined reference to `sqrt'
collect2: error: ld returned 1 exit status
configure:19999: $? = 1
configure: failed program was:
| /* confdefs.h */
| #define PACKAGE_NAME "SKETCH"
| #define PACKAGE_TARNAME "sketch"
| #define PACKAGE_VERSION "1.7.5"
| #define PACKAGE_STRING "SKETCH 1.7.5"
| #define PACKAGE_BUGREPORT "asolar@csail.mit.edu"
| #define PACKAGE_URL ""
| #define HAVE_STDIO_H 1
| #define HAVE_STDLIB_H 1
| #define HAVE_STRING_H 1
| #define HAVE_INTTYPES_H 1
| #define HAVE_STDINT_H 1
| #define HAVE_STRINGS_H 1
| #define HAVE_SYS_STAT_H 1
| #define HAVE_SYS_TYPES_H 1
| #define HAVE_UNISTD_H 1
| #define HAVE_SYS_TIME_H 1
| #define HAVE_SYS_SELECT_H 1
| #define HAVE_SYS_SOCKET_H 1
| #define STDC_HEADERS 1
| #define HAVE_DLFCN_H 1
| #define LT_OBJDIR ".libs/"
| #define PACKAGE "sketch"
| #define VERSION "1.7.5"
| #define YYTEXT_POINTER 1
| #define HAVE_ALLOCA_H 1
| #define HAVE_ALLOCA 1
| #define HAVE_DIRENT_H 1
| #define HAVE_FCNTL_H 1
| #define HAVE_FLOAT_H 1
| #define HAVE_INTTYPES_H 1
| #define HAVE_LIBINTL_H 1
| #define HAVE_LIMITS_H 1
| #define HAVE_MALLOC_H 1
| #define HAVE_STDDEF_H 1
| #define HAVE_STDLIB_H 1
| #define HAVE_STRING_H 1
| #define HAVE_STRINGS_H 1
| #define HAVE_SYS_TIME_H 1
| #define HAVE_SYS_RESOURCE_H 1
| #define HAVE_UNISTD_H 1
| #define HAVE__BOOL 1
| #define HAVE_STDBOOL_H 1
| #define restrict __restrict__
| #define TIME_WITH_SYS_TIME 1
| #define HAVE_MALLOC 1
| #define HAVE_REALLOC 1
| #define SELECT_TYPE_ARG1 int
| #define SELECT_TYPE_ARG234 (fd_set *)
| #define SELECT_TYPE_ARG5 (struct timeval *)
| #define RETSIGTYPE void
| #define HAVE_STRCOLL 1
| #define HAVE_VPRINTF 1
| #define HAVE_ATEXIT 1
| #define HAVE_GETPAGESIZE 1
| #define HAVE_GETTIMEOFDAY 1
| #define HAVE_MBLEN 1
| #define HAVE_MEMCHR 1
| #define HAVE_MEMMOVE 1
| #define HAVE_MEMSET 1
| #define HAVE_PUTENV 1
| #define HAVE_SELECT 1
| /* end confdefs.h.  */
| /* Define sqrt to an innocuous variant, in case <limits.h> declares sqrt.
|    For example, HP-UX 11i <limits.h> declares gettimeofday.  */
| #define sqrt innocuous_sqrt
| 
| /* System header to define __stub macros and hopefully few prototypes,
|    which can conflict with char sqrt (); below.  */
| 
| #include <limits.h>
| #undef sqrt
| 
| /* Override any GCC internal prototype to avoid an error.
|    Use char because int might match the return type of a GCC
|    builtin and then its argument prototype would still apply.  */
| #ifdef __cplusplus
| extern "C"
| #endif
| char sqrt ();
| /* The GNU C library defines this for functions which it implements
|     to always fail with ENOSYS.  Some functions are actually named
|     something starting with __ and the normal name is an alias.  */
| #if defined __stub_sqrt || defined __stub___sqrt
| choke me
| #endif
| 
| int
| main (void)
| {
| return sqrt ();
|   ;
|   return 0;
| }
configure:19999: result: no
configure:20005: checking for strchr
configure:20005: gcc -o conftest -g -O2   conftest.c  >&5
conftest.c:80:6: warning: conflicting types for built-in function 'strchr'; expected 'char *(const char *, int)' [-Wbuiltin-declaration-mismatch]
   80 | char strchr ();
      |      ^~~~~~
conftest.c:72:1: note: 'strchr' is declared in header '<string.h>'
   71 | #include <limits.h>
   72 | #undef strchr
configure:20005: $? = 0
configure:20005: result: yes
configure:20011: checking for strcspn
configure:20011: gcc -o conftest -g -O2   conftest.c  >&5
conftest.c:81:6: warning: conflicting types for built-in function 'strcspn'; expected 'long unsigned int(const char *, const char *)' [-Wbuiltin-declaration-mismatch]
   81 | char strcspn ();
      |      ^~~~~~~
conftest.c:73:1: note: 'strcspn' is declared in header '<string.h>'
   72 | #include <limits.h>
   73 | #undef strcspn
configure:20011: $? = 0
configure:20011: result: yes
configure:20017: checking for strdup
configure:20017: gcc -o conftest -g -O2   conftest.c  >&5
conftest.c:82:6: warning: conflicting types for built-in function 'strdup'; expected 'char *(const char *)' [-Wbuiltin-declaration-mismatch]
   82 | char strdup ();
      |      ^~~~~~
configure:20017: $? = 0
configure:20017: result: yes
configure:20023: checking for strerror
configure:20023: gcc -o conftest -g -O2   conftest.c  >&5
configure:20023: $? = 0
configure:20023: result: yes
configure:20029: checking for strpbrk
configure:20029: gcc -o conftest -g -O2   conftest.c  >&5
conftest.c:84:6: warning: conflicting types for built-in function 'strpbrk'; expected 'char *(const char *, const char *)' [-Wbuiltin-declaration-mismatch]
   84 | char strpbrk ();
      |      ^~~~~~~
conftest.c:76:1: note: 'strpbrk' is declared in header '<string.h>'
   75 | #include <limits.h>
   76 | #undef strpbrk
configure:20029: $? = 0
configure:20029: result: yes
configure:20035: checking for strrchr
configure:20035: gcc -o conftest -g -O2   conftest.c  >&5
conftest.c:85:6: warning: conflicting types for built-in function 'strrchr'; expected 'char *(const char *, int)' [-Wbuiltin-declaration-mismatch]
   85 | char strrchr ();
      |      ^~~~~~~
conftest.c:77:1: note: 'strrchr' is declared in header '<string.h>'
   76 | #include <limits.h>
   77 | #undef strrchr
configure:20035: $? = 0
configure:20035: result: yes
configure:20041: checking for strspn
configure:20041: gcc -o conftest -g -O2   conftest.c  >&5
conftest.c:86:6: warning: conflicting types for built-in function 'strspn'; expected 'long unsigned int(const char *, const char *)' [-Wbuiltin-declaration-mismatch]
   86 | char strspn ();
      |      ^~~~~~
conftest.c:78:1: note: 'strspn' is declared in header '<string.h>'
   77 | #include <limits.h>
   78 | #undef strspn
configure:20041: $? = 0
configure:20041: result: yes
configure:20047: checking for strstr
configure:20047: gcc -o conftest -g -O2   conftest.c  >&5
conftest.c:87:6: warning: conflicting types for built-in function 'strstr'; expected 'char *(const char *, const char *)' [-Wbuiltin-declaration-mismatch]
   87 | char strstr ();
      |      ^~~~~~
conftest.c:79:1: note: 'strstr' is declared in header '<string.h>'
   78 | #include <limits.h>
   79 | #undef strstr
configure:20047: $? = 0
configure:20047: result: yes
configure:20053: checking for strtol
configure:20053: gcc -o conftest -g -O2   conftest.c  >&5
configure:20053: $? = 0
configure:20053: result: yes
configure:20059: checking for strtoul
configure:20059: gcc -o conftest -g -O2   conftest.c  >&5
configure:20059: $? = 0
configure:20059: result: yes
configure:20176: checking that generated files are newer than configure
configure:20182: result: done
configure:20209: creating ./config.status

## ---------------------- ##
## Running config.status. ##
## ---------------------- ##

This file was extended by SKETCH config.status 1.7.5, which was
generated by GNU Autoconf 2.71.  Invocation command line was

  CONFIG_FILES    = 
  CONFIG_HEADERS  = 
  CONFIG_LINKS    = 
  CONFIG_COMMANDS = 
  $ ./config.status 

on stellar

config.status:1209: creating Makefile
config.status:1209: creating src/Makefile
config.status:1209: creating src/MiniSat/Makefile
config.status:1209: creating src/SketchSolver/Makefile
config.status:1209: creating config.h
config.status:1438: executing libtool commands
config.status:1438: executing depfiles commands
config.status:2232: cd src/MiniSat       && sed -e '/# am--include-marker/d' Makefile         | make -f - am--depfiles
make: Nothing to be done for 'am--depfiles'.
config.status:2237: $? = 0
config.status:2232: cd src/SketchSolver       && sed -e '/# am--include-marker/d' Makefile         | make -f - am--depfiles
make: Nothing to be done for 'am--depfiles'.
config.status:2237: $? = 0

## ---------------- ##
## Cache variables. ##
## ---------------- ##

ac_cv_build=x86_64-pc-linux-gnu
ac_cv_c_compiler_gnu=yes
ac_cv_c_const=yes
ac_cv_c_inline=inline
ac_cv_c_int16_t=yes
ac_cv_c_int32_t=yes
ac_cv_c_int8_t=yes
ac_cv_c_restrict=__restrict__
ac_cv_c_uint16_t=yes
ac_cv_c_uint32_t=yes
ac_cv_c_uint8_t=yes
ac_cv_c_volatile=yes
ac_cv_cxx_compiler_gnu=yes
ac_cv_env_CCC_set=
ac_cv_env_CCC_value=
ac_cv_env_CC_set=set
ac_cv_env_CC_value=gcc
ac_cv_env_CFLAGS_set=
ac_cv_env_CFLAGS_value=
ac_cv_env_CPPFLAGS_set=
ac_cv_env_CPPFLAGS_value=
ac_cv_env_CPP_set=
ac_cv_env_CPP_value=
ac_cv_env_CXXCPP_set=
ac_cv_env_CXXCPP_value=
ac_cv_env_CXXFLAGS_set=
ac_cv_env_CXXFLAGS_value=
ac_cv_env_CXX_set=set
ac_cv_env_CXX_value=g++
ac_cv_env_LDFLAGS_set=
ac_cv_env_LDFLAGS_value=
ac_cv_env_LIBS_set=
ac_cv_env_LIBS_value=
ac_cv_env_LT_SYS_LIBRARY_PATH_set=
ac_cv_env_LT_SYS_LIBRARY_PATH_value=
ac_cv_env_YACC_set=
ac_cv_env_YACC_value=
ac_cv_env_YFLAGS_set=
ac_cv_env_YFLAGS_value=
ac_cv_env_build_alias_set=
ac_cv_env_build_alias_value=
ac_cv_env_host_alias_set=
ac_cv_env_host_alias_value=
ac_cv_env_target_alias_set=
ac_cv_env_target_alias_value=
ac_cv_func_alloca_works=yes
ac_cv_func_atexit=yes
ac_cv_func_closedir_void=no
ac_cv_func_floor=no
ac_cv_func_getpagesize=yes
ac_cv_func_gettimeofday=yes
ac_cv_func_malloc_0_nonnull=yes
ac_cv_func_mblen=yes
ac_cv_func_memchr=yes
ac_cv_func_memcmp_working=yes
ac_cv_func_memmove=yes
ac_cv_func_memset=yes
ac_cv_func_pow=no
ac_cv_func_putenv=yes
ac_cv_func_realloc_0_nonnull=yes
ac_cv_func_select=yes
ac_cv_func_select_args='int,fd_set *,struct timeval *'
ac_cv_func_setvbuf_reversed=no
ac_cv_func_sqrt=no
ac_cv_func_strchr=yes
ac_cv_func_strcoll_works=yes
ac_cv_func_strcspn=yes
ac_cv_func_strdup=yes
ac_cv_func_strerror=yes
ac_cv_func_strpbrk=yes
ac_cv_func_strrchr=yes
ac_cv_func_strspn=yes
ac_cv_func_strstr=yes
ac_cv_func_strtod=yes
ac_cv_func_strtol=yes
ac_cv_func_strtoul=yes
ac_cv_func_vprintf=yes
ac_cv_header_dirent_dirent_h=yes
ac_cv_header_dlfcn_h=yes
ac_cv_header_fcntl_h=yes
ac_cv_header_float_h=yes
ac_cv_header_inttypes_h=yes
ac_cv_header_libintl_h=yes
ac_cv_header_limits_h=yes
ac_cv_header_malloc_h=yes
ac_cv_header_stdbool_h=yes
ac_cv_header_stddef_h=yes
ac_cv_header_stdint_h=yes
ac_cv_header_stdio_h=yes
ac_cv_header_stdlib_h=yes
ac_cv_header_string_h=yes
ac_cv_header_strings_h=yes
ac_cv_header_sys_resource_h=yes
ac_cv_header_sys_select_h=yes
ac_cv_header_sys_socket_h=yes
ac_cv_header_sys_stat_h=yes
ac_cv_header_sys_time_h=yes
ac_cv_header_sys_types_h=yes
ac_cv_header_unistd_h=yes
ac_cv_host=x86_64-pc-linux-gnu
ac_cv_lib_lex='none needed'
ac_cv_objext=o
ac_cv_path_EGREP='/nix/store/2hz0i9y0xck9y4pq1rabi0cwk4kylgrw-gnugrep-3.11/bin/grep -E'
ac_cv_path_FGREP='/nix/store/2hz0i9y0xck9y4pq1rabi0cwk4kylgrw-gnugrep-3.11/bin/grep -F'
ac_cv_path_GREP=/nix/store/2hz0i9y0xck9y4pq1rabi0cwk4kylgrw-gnugrep-3.11/bin/grep
ac_cv_path_SED=/nix/store/zl7fpambb4db6by8mhl9xcmr6n1pp98c-gnused-4.9/bin/sed
ac_cv_path_install='/nix/store/8fdd0nqajq5sk1m6p4qnn0z0j9d7n3q5-coreutils-9.3/bin/install -c'
ac_cv_path_lt_DD=/nix/store/8fdd0nqajq5sk1m6p4qnn0z0j9d7n3q5-coreutils-9.3/bin/dd
ac_cv_path_mkdir=/nix/store/8fdd0nqajq5sk1m6p4qnn0z0j9d7n3q5-coreutils-9.3/bin/mkdir
ac_cv_prog_AWK=gawk
ac_cv_prog_CPP='gcc -E'
ac_cv_prog_CXXCPP='g++ -E'
ac_cv_prog_LEX=flex
ac_cv_prog_YACC='bison -y'
ac_cv_prog_ac_ct_CC=gcc
ac_cv_prog_ac_ct_FILECMD=file
ac_cv_prog_ac_ct_OBJDUMP=objdump
ac_cv_prog_ac_ct_RANLIB=ranlib
ac_cv_prog_ac_ct_STRIP=strip
ac_cv_prog_cc_c11=
ac_cv_prog_cc_g=yes
ac_cv_prog_cc_stdc=
ac_cv_prog_cxx_11=no
ac_cv_prog_cxx_cxx11=
ac_cv_prog_cxx_g=yes
ac_cv_prog_cxx_stdcxx=
ac_cv_prog_lex_root=lex.yy
ac_cv_prog_lex_yytext_pointer=yes
ac_cv_prog_make_make_set=yes
ac_cv_search_clock_gettime='none required'
ac_cv_search_opendir='none required'
ac_cv_search_pthread_create='none required'
ac_cv_search_yywrap=no
ac_cv_type__Bool=yes
ac_cv_type_pid_t=yes
ac_cv_type_signal=void
ac_cv_type_size_t=yes
ac_cv_working_alloca_h=yes
am_cv_CC_dependencies_compiler_type=gcc3
am_cv_CXX_dependencies_compiler_type=gcc3
am_cv_make_support_nested_variables=yes
am_cv_prog_cc_c_o=yes
lt_cv_ar_at_file=@
lt_cv_deplibs_check_method=pass_all
lt_cv_ld_reload_flag=-r
lt_cv_nm_interface='BSD nm'
lt_cv_objdir=.libs
lt_cv_path_LD=ld
lt_cv_path_LDCXX='ld -m elf_x86_64'
lt_cv_path_NM=nm
lt_cv_path_mainfest_tool=no
lt_cv_prog_compiler_c_o=yes
lt_cv_prog_compiler_c_o_CXX=yes
lt_cv_prog_compiler_pic='-fPIC -DPIC'
lt_cv_prog_compiler_pic_CXX='-fPIC -DPIC'
lt_cv_prog_compiler_pic_works=yes
lt_cv_prog_compiler_pic_works_CXX=yes
lt_cv_prog_compiler_rtti_exceptions=no
lt_cv_prog_compiler_static_works=no
lt_cv_prog_compiler_static_works_CXX=no
lt_cv_prog_gnu_ld=yes
lt_cv_prog_gnu_ldcxx=yes
lt_cv_sharedlib_from_linklib_cmd='printf %s\n'
lt_cv_shlibpath_overrides_runpath=yes
lt_cv_sys_global_symbol_pipe='/nix/store/zl7fpambb4db6by8mhl9xcmr6n1pp98c-gnused-4.9/bin/sed -n -e '\''s/^.*[	 ]\([ABCDGIRSTW][ABCDGIRSTW]*\)[	 ][	 ]*\([_A-Za-z][_A-Za-z0-9]*\)$/\1 \2 \2/p'\'' | /nix/store/zl7fpambb4db6by8mhl9xcmr6n1pp98c-gnused-4.9/bin/sed '\''/ __gnu_lto/d'\'''
lt_cv_sys_global_symbol_to_c_name_address='/nix/store/zl7fpambb4db6by8mhl9xcmr6n1pp98c-gnused-4.9/bin/sed -n -e '\''s/^: \(.*\) .*$/  {"\1", (void *) 0},/p'\'' -e '\''s/^[ABCDGIRSTW][ABCDGIRSTW]* .* \(.*\)$/  {"\1", (void *) \&\1},/p'\'''
lt_cv_sys_global_symbol_to_c_name_address_lib_prefix='/nix/store/zl7fpambb4db6by8mhl9xcmr6n1pp98c-gnused-4.9/bin/sed -n -e '\''s/^: \(.*\) .*$/  {"\1", (void *) 0},/p'\'' -e '\''s/^[ABCDGIRSTW][ABCDGIRSTW]* .* \(lib.*\)$/  {"\1", (void *) \&\1},/p'\'' -e '\''s/^[ABCDGIRSTW][ABCDGIRSTW]* .* \(.*\)$/  {"lib\1", (void *) \&\1},/p'\'''
lt_cv_sys_global_symbol_to_cdecl='/nix/store/zl7fpambb4db6by8mhl9xcmr6n1pp98c-gnused-4.9/bin/sed -n -e '\''s/^T .* \(.*\)$/extern int \1();/p'\'' -e '\''s/^[ABCDGIRSTW][ABCDGIRSTW]* .* \(.*\)$/extern char \1;/p'\'''
lt_cv_sys_global_symbol_to_import=
lt_cv_sys_max_cmd_len=1572864
lt_cv_to_host_file_cmd=func_convert_file_noop
lt_cv_to_tool_file_cmd=func_convert_file_noop
lt_cv_truncate_bin='/nix/store/8fdd0nqajq5sk1m6p4qnn0z0j9d7n3q5-coreutils-9.3/bin/dd bs=4096 count=1'

## ----------------- ##
## Output variables. ##
## ----------------- ##

ACLOCAL='${SHELL} '\''/home/panda2134/Documents/sketch-1.7.6/sketch-backend/sketch-backend/missing'\'' aclocal-1.16'
ALLOCA=''
AMDEPBACKSLASH='\'
AMDEP_FALSE='#'
AMDEP_TRUE=''
AMTAR='$${TAR-tar}'
AM_BACKSLASH='\'
AM_DEFAULT_V='$(AM_DEFAULT_VERBOSITY)'
AM_DEFAULT_VERBOSITY='1'
AM_V='$(V)'
AR='ar'
AUTOCONF='${SHELL} '\''/home/panda2134/Documents/sketch-1.7.6/sketch-backend/sketch-backend/missing'\'' autoconf'
AUTOHEADER='${SHELL} '\''/home/panda2134/Documents/sketch-1.7.6/sketch-backend/sketch-backend/missing'\'' autoheader'
AUTOMAKE='${SHELL} '\''/home/panda2134/Documents/sketch-1.7.6/sketch-backend/sketch-backend/missing'\'' automake-1.16'
AWK='gawk'
CC='gcc'
CCDEPMODE='depmode=gcc3'
CEGIS_API_VERSION='1.4.0'
CEGIS_SO_VERSION='1:2:0'
CFLAGS='-O3 -std=c++11'
CPP='gcc -E'
CPPFLAGS=''
CSCOPE='cscope'
CTAGS='ctags'
CXX='g++'
CXXCPP='g++ -E'
CXXDEPMODE='depmode=gcc3'
CXXFLAGS='-g -O2'
CYGPATH_W='echo'
DEFS='-DHAVE_CONFIG_H'
DEPDIR='.deps'
DLLTOOL='false'
DSYMUTIL=''
DUMPBIN=''
ECHO_C=''
ECHO_N='-n'
ECHO_T=''
EGREP='/nix/store/2hz0i9y0xck9y4pq1rabi0cwk4kylgrw-gnugrep-3.11/bin/grep -E'
ETAGS='etags'
EXEEXT=''
FGREP='/nix/store/2hz0i9y0xck9y4pq1rabi0cwk4kylgrw-gnugrep-3.11/bin/grep -F'
FILECMD='file'
GREP='/nix/store/2hz0i9y0xck9y4pq1rabi0cwk4kylgrw-gnugrep-3.11/bin/grep'
INSTALL_DATA='${INSTALL} -m 644'
INSTALL_PROGRAM='${INSTALL}'
INSTALL_SCRIPT='${INSTALL}'
INSTALL_STRIP_PROGRAM='$(install_sh) -c -s'
LD='ld -m elf_x86_64'
LDFLAGS=''
LEX='flex'
LEXLIB=''
LEX_OUTPUT_ROOT='lex.yy'
LIBOBJS=''
LIBS=''
LIBTOOL='$(SHELL) $(top_builddir)/libtool'
LIPO=''
LN_S='ln -s'
LTLIBOBJS=''
LT_SYS_LIBRARY_PATH=''
MAKEINFO='${SHELL} '\''/home/panda2134/Documents/sketch-1.7.6/sketch-backend/sketch-backend/missing'\'' makeinfo'
MANIFEST_TOOL=':'
MKDIR_P='/nix/store/8fdd0nqajq5sk1m6p4qnn0z0j9d7n3q5-coreutils-9.3/bin/mkdir -p'
NM='nm'
NMEDIT=''
OBJDUMP='objdump'
OBJEXT='o'
OTOOL64=''
OTOOL=''
PACKAGE='sketch'
PACKAGE_BUGREPORT='asolar@csail.mit.edu'
PACKAGE_NAME='SKETCH'
PACKAGE_STRING='SKETCH 1.7.5'
PACKAGE_TARNAME='sketch'
PACKAGE_URL=''
PACKAGE_VERSION='1.7.5'
PATH_SEPARATOR=':'
POW_LIB=''
RANLIB='ranlib'
SED='/nix/store/zl7fpambb4db6by8mhl9xcmr6n1pp98c-gnused-4.9/bin/sed'
SET_MAKE=''
SHELL='/nix/store/ir0j7zqlw9dc49grmwplppc7gh0s40yf-bash-5.2-p15/bin/bash'
STRIP='strip'
VERSION='1.7.5'
YACC='bison -y'
YFLAGS=''
ac_ct_AR=''
ac_ct_CC='gcc'
ac_ct_CXX=''
ac_ct_DUMPBIN=''
am__EXEEXT_FALSE=''
am__EXEEXT_TRUE='#'
am__fastdepCC_FALSE='#'
am__fastdepCC_TRUE=''
am__fastdepCXX_FALSE='#'
am__fastdepCXX_TRUE=''
am__include='include'
am__isrc=''
am__leading_dot='.'
am__nodep='_no'
am__quote=''
am__tar='$${TAR-tar} chof - "$$tardir"'
am__untar='$${TAR-tar} xf -'
bindir='${exec_prefix}/bin'
build='x86_64-pc-linux-gnu'
build_alias=''
build_cpu='x86_64'
build_os='linux-gnu'
build_vendor='pc'
datadir='${datarootdir}'
datarootdir='${prefix}/share'
docdir='${datarootdir}/doc/${PACKAGE_TARNAME}'
dvidir='${docdir}'
exec_prefix='${prefix}'
host='x86_64-pc-linux-gnu'
host_alias=''
host_cpu='x86_64'
host_os='linux-gnu'
host_vendor='pc'
htmldir='${docdir}'
includedir='${prefix}/include'
infodir='${datarootdir}/info'
install_sh='${SHELL} /home/panda2134/Documents/sketch-1.7.6/sketch-backend/sketch-backend/install-sh'
libdir='${exec_prefix}/lib'
libexecdir='${exec_prefix}/libexec'
localedir='${datarootdir}/locale'
localstatedir='${prefix}/var'
mandir='${datarootdir}/man'
mkdir_p='$(MKDIR_P)'
oldincludedir='/usr/include'
pdfdir='${docdir}'
prefix='/nix/store/539vvanw78k6qs9jxqnp0dbrjrq67r7w-sketch-backend'
program_transform_name='s,x,x,'
psdir='${docdir}'
runstatedir='${localstatedir}/run'
sbindir='${exec_prefix}/sbin'
sharedstatedir='${prefix}/com'
sysconfdir='${prefix}/etc'
target_alias=''

## ----------- ##
## confdefs.h. ##
## ----------- ##

/* confdefs.h */
#define PACKAGE_NAME "SKETCH"
#define PACKAGE_TARNAME "sketch"
#define PACKAGE_VERSION "1.7.5"
#define PACKAGE_STRING "SKETCH 1.7.5"
#define PACKAGE_BUGREPORT "asolar@csail.mit.edu"
#define PACKAGE_URL ""
#define HAVE_STDIO_H 1
#define HAVE_STDLIB_H 1
#define HAVE_STRING_H 1
#define HAVE_INTTYPES_H 1
#define HAVE_STDINT_H 1
#define HAVE_STRINGS_H 1
#define HAVE_SYS_STAT_H 1
#define HAVE_SYS_TYPES_H 1
#define HAVE_UNISTD_H 1
#define HAVE_SYS_TIME_H 1
#define HAVE_SYS_SELECT_H 1
#define HAVE_SYS_SOCKET_H 1
#define STDC_HEADERS 1
#define HAVE_DLFCN_H 1
#define LT_OBJDIR ".libs/"
#define PACKAGE "sketch"
#define VERSION "1.7.5"
#define YYTEXT_POINTER 1
#define HAVE_ALLOCA_H 1
#define HAVE_ALLOCA 1
#define HAVE_DIRENT_H 1
#define HAVE_FCNTL_H 1
#define HAVE_FLOAT_H 1
#define HAVE_INTTYPES_H 1
#define HAVE_LIBINTL_H 1
#define HAVE_LIMITS_H 1
#define HAVE_MALLOC_H 1
#define HAVE_STDDEF_H 1
#define HAVE_STDLIB_H 1
#define HAVE_STRING_H 1
#define HAVE_STRINGS_H 1
#define HAVE_SYS_TIME_H 1
#define HAVE_SYS_RESOURCE_H 1
#define HAVE_UNISTD_H 1
#define HAVE__BOOL 1
#define HAVE_STDBOOL_H 1
#define restrict __restrict__
#define TIME_WITH_SYS_TIME 1
#define HAVE_MALLOC 1
#define HAVE_REALLOC 1
#define SELECT_TYPE_ARG1 int
#define SELECT_TYPE_ARG234 (fd_set *)
#define SELECT_TYPE_ARG5 (struct timeval *)
#define RETSIGTYPE void
#define HAVE_STRCOLL 1
#define HAVE_VPRINTF 1
#define HAVE_ATEXIT 1
#define HAVE_GETPAGESIZE 1
#define HAVE_GETTIMEOFDAY 1
#define HAVE_MBLEN 1
#define HAVE_MEMCHR 1
#define HAVE_MEMMOVE 1
#define HAVE_MEMSET 1
#define HAVE_PUTENV 1
#define HAVE_SELECT 1
#define HAVE_STRCHR 1
#define HAVE_STRCSPN 1
#define HAVE_STRDUP 1
#define HAVE_STRERROR 1
#define HAVE_STRPBRK 1
#define HAVE_STRRCHR 1
#define HAVE_STRSPN 1
#define HAVE_STRSTR 1
#define HAVE_STRTOL 1
#define HAVE_STRTOUL 1

configure: exit 0
